2023-10-02 14:41:44,014 [INFO] Activator:177 - 


2023-10-02 14:41:44,015 [INFO] Activator:178 - !SESSION log4j initialized
2023-10-02 14:41:53,900 [INFO] McuFinderGlobals:39 - Set McuFinder mode to 2 (CubeIDE integrated)
2023-10-02 14:41:53,989 [INFO] ApplicationProperties:181 - Using Application install path: C:\ST\STM32CubeIDE_1.7.0\STM32CubeIDE\plugins\com.st.stm32cube.common.mx_6.3.0.202107141111
2023-10-02 14:41:53,998 [INFO] DbMcusXml:74 - Set database path to: C:\ST\STM32CubeIDE_1.7.0\STM32CubeIDE\plugins\com.st.stm32cube.common.mx_6.3.0.202107141111\\db\/mcu/
2023-10-02 14:41:54,002 [INFO] DbBoardsPdsc:56 - Set plugin database path to: C:\ST\STM32CubeIDE_1.7.0\STM32CubeIDE\plugins\com.st.stm32cube.common.mx_6.3.0.202107141111\\db\/plugins/boardmanager/
2023-10-02 14:41:54,003 [INFO] DbMcus:258 - Set plugin images path to: C:\ST\STM32CubeIDE_1.7.0\STM32CubeIDE\plugins\com.st.stm32cube.common.mx_6.3.0.202107141111\\db\/plugins/mcufinder/images/
2023-10-02 14:41:54,003 [INFO] DbBoards:264 - Set plugin images path to: C:\ST\STM32CubeIDE_1.7.0\STM32CubeIDE\plugins\com.st.stm32cube.common.mx_6.3.0.202107141111\\db\/plugins/mcufinder/images/
2023-10-02 14:41:54,005 [INFO] DbExamples:333 - Set plugin images path to: C:\ST\STM32CubeIDE_1.7.0\STM32CubeIDE\plugins\com.st.stm32cube.common.mx_6.3.0.202107141111\\db\/plugins/mcufinder/images/
2023-10-02 14:41:54,007 [INFO] DbMcusAds:119 - Set database path to: C:\Users\Windows\.stmcufinder\plugins\mcufinder//mcu/
2023-10-02 14:41:54,009 [INFO] DbMcusDocs:110 - Set database path to: C:\Users\Windows\.stmcufinder\plugins\mcufinder//mcu/
2023-10-02 14:41:54,010 [INFO] DbMcusJson:64 - Set database path to: C:\Users\Windows\.stmcufinder\plugins\mcufinder//mcu/
2023-10-02 14:41:54,011 [INFO] DbBoardsDocs:110 - Set database path to: C:\Users\Windows\.stmcufinder\plugins\mcufinder//mcu/
2023-10-02 14:41:54,011 [INFO] DbBoardsJson:57 - Set database path to: C:\Users\Windows\.stmcufinder\plugins\mcufinder//mcu/
2023-10-02 14:41:54,012 [INFO] CrossReferenceDbSqlite:196 - Set database path to: C:\Users\Windows\.stmcufinder\plugins\mcufinder//mcu/cs/
2023-10-02 14:41:54,015 [INFO] DbExamplesSqlite:767 - Set database path to: C:\Users\Windows\.stmcufinder\plugins\mcufinder//mcu/
2023-10-02 14:41:54,080 [INFO] RulesReader:57 - Compatibility file has been processed (242 Rules)
2023-10-02 14:41:54,133 [INFO] DbMcusXml:74 - Set database path to: C:\ST\STM32CubeIDE_1.7.0\STM32CubeIDE\plugins\com.st.stm32cube.common.mx_6.3.0.202107141111\\db\/mcu/
2023-10-02 14:41:54,134 [INFO] DbBoardsPdsc:56 - Set plugin database path to: C:\ST\STM32CubeIDE_1.7.0\STM32CubeIDE\plugins\com.st.stm32cube.common.mx_6.3.0.202107141111\\db\/plugins/boardmanager/
2023-10-02 14:41:54,134 [INFO] DbMcus:258 - Set plugin images path to: C:\ST\STM32CubeIDE_1.7.0\STM32CubeIDE\plugins\com.st.stm32cube.common.mx_6.3.0.202107141111\\db\/plugins/mcufinder/images/
2023-10-02 14:41:54,134 [INFO] DbBoards:264 - Set plugin images path to: C:\ST\STM32CubeIDE_1.7.0\STM32CubeIDE\plugins\com.st.stm32cube.common.mx_6.3.0.202107141111\\db\/plugins/mcufinder/images/
2023-10-02 14:41:54,134 [INFO] DbExamples:333 - Set plugin images path to: C:\ST\STM32CubeIDE_1.7.0\STM32CubeIDE\plugins\com.st.stm32cube.common.mx_6.3.0.202107141111\\db\/plugins/mcufinder/images/
2023-10-02 14:41:54,134 [WARN] DbFile:35 - Overriding database path with different value: C:\Users\Windows\.stmcufinder\plugins\mcufinder/ => C:\Users\Windows\.stmcufinder\plugins\mcufinder
2023-10-02 14:41:54,134 [INFO] DbMcusAds:119 - Set database path to: C:\Users\Windows\.stmcufinder\plugins\mcufinder//mcu/
2023-10-02 14:41:54,134 [WARN] DbFile:35 - Overriding database path with different value: C:\Users\Windows\.stmcufinder\plugins\mcufinder/ => C:\Users\Windows\.stmcufinder\plugins\mcufinder
2023-10-02 14:41:54,135 [INFO] DbMcusDocs:110 - Set database path to: C:\Users\Windows\.stmcufinder\plugins\mcufinder//mcu/
2023-10-02 14:41:54,135 [WARN] DbFile:35 - Overriding database path with different value: C:\Users\Windows\.stmcufinder\plugins\mcufinder/ => C:\Users\Windows\.stmcufinder\plugins\mcufinder
2023-10-02 14:41:54,135 [INFO] DbMcusJson:64 - Set database path to: C:\Users\Windows\.stmcufinder\plugins\mcufinder//mcu/
2023-10-02 14:41:54,135 [WARN] DbFile:35 - Overriding database path with different value: C:\Users\Windows\.stmcufinder\plugins\mcufinder/ => C:\Users\Windows\.stmcufinder\plugins\mcufinder
2023-10-02 14:41:54,135 [INFO] DbBoardsDocs:110 - Set database path to: C:\Users\Windows\.stmcufinder\plugins\mcufinder//mcu/
2023-10-02 14:41:54,135 [WARN] DbFile:35 - Overriding database path with different value: C:\Users\Windows\.stmcufinder\plugins\mcufinder/ => C:\Users\Windows\.stmcufinder\plugins\mcufinder
2023-10-02 14:41:54,135 [INFO] DbBoardsJson:57 - Set database path to: C:\Users\Windows\.stmcufinder\plugins\mcufinder//mcu/
2023-10-02 14:41:54,135 [WARN] DbFile:35 - Overriding database path with different value: C:\Users\Windows\.stmcufinder\plugins\mcufinder/ => C:\Users\Windows\.stmcufinder\plugins\mcufinder
2023-10-02 14:41:54,135 [WARN] DbFile:35 - Overriding database path with different value: C:\Users\Windows\.stmcufinder\plugins\mcufinder/ => C:\Users\Windows\.stmcufinder\plugins\mcufinder
2023-10-02 14:41:54,135 [INFO] CrossReferenceDbSqlite:196 - Set database path to: C:\Users\Windows\.stmcufinder\plugins\mcufinder//mcu/cs/
2023-10-02 14:41:54,135 [WARN] DbFile:35 - Overriding database path with different value: C:\Users\Windows\.stmcufinder\plugins\mcufinder/ => C:\Users\Windows\.stmcufinder\plugins\mcufinder
2023-10-02 14:41:54,135 [INFO] DbExamplesSqlite:767 - Set database path to: C:\Users\Windows\.stmcufinder\plugins\mcufinder//mcu/
2023-10-02 14:41:54,178 [INFO] MainPanel:214 - HeapMemory: 268435456
2023-10-02 14:41:54,230 [INFO] DbMcusXml:74 - Set database path to: C:\ST\STM32CubeIDE_1.7.0\STM32CubeIDE\plugins\com.st.stm32cube.common.mx_6.3.0.202107141111\\db\/mcu/
2023-10-02 14:41:54,230 [INFO] DbBoardsPdsc:56 - Set plugin database path to: C:\ST\STM32CubeIDE_1.7.0\STM32CubeIDE\plugins\com.st.stm32cube.common.mx_6.3.0.202107141111\\db\/plugins/boardmanager/
2023-10-02 14:41:54,230 [INFO] DbMcus:258 - Set plugin images path to: C:\ST\STM32CubeIDE_1.7.0\STM32CubeIDE\plugins\com.st.stm32cube.common.mx_6.3.0.202107141111\\db\/plugins/mcufinder/images/
2023-10-02 14:41:54,230 [INFO] DbBoards:264 - Set plugin images path to: C:\ST\STM32CubeIDE_1.7.0\STM32CubeIDE\plugins\com.st.stm32cube.common.mx_6.3.0.202107141111\\db\/plugins/mcufinder/images/
2023-10-02 14:41:54,230 [INFO] DbExamples:333 - Set plugin images path to: C:\ST\STM32CubeIDE_1.7.0\STM32CubeIDE\plugins\com.st.stm32cube.common.mx_6.3.0.202107141111\\db\/plugins/mcufinder/images/
2023-10-02 14:41:54,230 [WARN] DbFile:35 - Overriding database path with different value: C:\Users\Windows\.stmcufinder\plugins\mcufinder/ => C:\Users\Windows\.stmcufinder\plugins\mcufinder
2023-10-02 14:41:54,230 [INFO] DbMcusAds:119 - Set database path to: C:\Users\Windows\.stmcufinder\plugins\mcufinder//mcu/
2023-10-02 14:41:54,230 [WARN] DbFile:35 - Overriding database path with different value: C:\Users\Windows\.stmcufinder\plugins\mcufinder/ => C:\Users\Windows\.stmcufinder\plugins\mcufinder
2023-10-02 14:41:54,231 [INFO] DbMcusDocs:110 - Set database path to: C:\Users\Windows\.stmcufinder\plugins\mcufinder//mcu/
2023-10-02 14:41:54,231 [WARN] DbFile:35 - Overriding database path with different value: C:\Users\Windows\.stmcufinder\plugins\mcufinder/ => C:\Users\Windows\.stmcufinder\plugins\mcufinder
2023-10-02 14:41:54,231 [INFO] DbMcusJson:64 - Set database path to: C:\Users\Windows\.stmcufinder\plugins\mcufinder//mcu/
2023-10-02 14:41:54,231 [WARN] DbFile:35 - Overriding database path with different value: C:\Users\Windows\.stmcufinder\plugins\mcufinder/ => C:\Users\Windows\.stmcufinder\plugins\mcufinder
2023-10-02 14:41:54,231 [INFO] DbBoardsDocs:110 - Set database path to: C:\Users\Windows\.stmcufinder\plugins\mcufinder//mcu/
2023-10-02 14:41:54,231 [WARN] DbFile:35 - Overriding database path with different value: C:\Users\Windows\.stmcufinder\plugins\mcufinder/ => C:\Users\Windows\.stmcufinder\plugins\mcufinder
2023-10-02 14:41:54,231 [INFO] DbBoardsJson:57 - Set database path to: C:\Users\Windows\.stmcufinder\plugins\mcufinder//mcu/
2023-10-02 14:41:54,231 [WARN] DbFile:35 - Overriding database path with different value: C:\Users\Windows\.stmcufinder\plugins\mcufinder/ => C:\Users\Windows\.stmcufinder\plugins\mcufinder
2023-10-02 14:41:54,231 [WARN] DbFile:35 - Overriding database path with different value: C:\Users\Windows\.stmcufinder\plugins\mcufinder/ => C:\Users\Windows\.stmcufinder\plugins\mcufinder
2023-10-02 14:41:54,231 [INFO] CrossReferenceDbSqlite:196 - Set database path to: C:\Users\Windows\.stmcufinder\plugins\mcufinder//mcu/cs/
2023-10-02 14:41:54,231 [WARN] DbFile:35 - Overriding database path with different value: C:\Users\Windows\.stmcufinder\plugins\mcufinder/ => C:\Users\Windows\.stmcufinder\plugins\mcufinder
2023-10-02 14:41:54,231 [INFO] DbExamplesSqlite:767 - Set database path to: C:\Users\Windows\.stmcufinder\plugins\mcufinder//mcu/
2023-10-02 14:41:54,245 [INFO] ApplicationProperties:181 - Using Application install path: C:\ST\STM32CubeIDE_1.7.0\STM32CubeIDE\plugins\com.st.stm32cube.common.mx_6.3.0.202107141111
2023-10-02 14:41:54,247 [INFO] PluginManage:188 - Search for loadable plugins [exclusion list=, ]
2023-10-02 14:41:54,247 [INFO] PluginManage:302 - Check plugin analytics
2023-10-02 14:41:54,349 [INFO] AnalyticsPlugin:257 - Accepted Software Licenses: 
2023-10-02 14:41:54,350 [INFO] AnalyticsPlugin:259 - Accepted CMSIS Pack Licenses: 
2023-10-02 14:41:54,350 [INFO] AnalyticsPlugin:261 - Accepted Firmware Licenses: 
2023-10-02 14:41:54,350 [INFO] PluginManage:352 - Loaded plugin analytics (category:tool,tabindex:-1)
2023-10-02 14:41:54,350 [INFO] PluginManage:302 - Check plugin clock
2023-10-02 14:41:54,358 [INFO] PluginManage:352 - Loaded plugin clock (category:base,tabindex:2)
2023-10-02 14:41:54,358 [INFO] PluginManage:302 - Check plugin ddr
2023-10-02 14:41:54,360 [INFO] PluginManage:352 - Loaded plugin ddr (category:tool,tabindex:6)
2023-10-02 14:41:54,360 [INFO] PluginManage:302 - Check plugin filemanager
2023-10-02 14:41:54,462 [INFO] PluginManage:352 - Loaded plugin filemanager (category:base,tabindex:10)
2023-10-02 14:41:54,462 [INFO] PluginManage:302 - Check plugin ipmanager
2023-10-02 14:41:54,467 [INFO] PluginManage:352 - Loaded plugin ipmanager (category:base,tabindex:5)
2023-10-02 14:41:54,467 [INFO] PluginManage:302 - Check plugin pinoutandconfiguration
2023-10-02 14:41:54,473 [INFO] PluginManage:352 - Loaded plugin pinoutandconfiguration (category:base,tabindex:1)
2023-10-02 14:41:54,473 [INFO] PluginManage:302 - Check plugin pinoutconfig
2023-10-02 14:41:54,493 [INFO] PluginManage:352 - Loaded plugin pinoutconfig (category:base,tabindex:0)
2023-10-02 14:41:54,494 [INFO] PluginManage:302 - Check plugin power
2023-10-02 14:41:54,499 [INFO] PluginManage:352 - Loaded plugin power (category:power,tabindex:4)
2023-10-02 14:41:54,499 [INFO] PluginManage:302 - Check plugin projectmanager
2023-10-02 14:41:54,510 [INFO] PluginManage:352 - Loaded plugin projectmanager (category:projectmanager,tabindex:3)
2023-10-02 14:41:54,510 [INFO] PluginManage:302 - Check plugin thirdparty
2023-10-02 14:41:54,592 [WARN] IntegrityCheckThread:78 - waiting for thirdparty lock release [integrity check]
2023-10-02 14:41:54,593 [INFO] PluginManage:352 - Loaded plugin thirdparty (category:base,tabindex:-1)
2023-10-02 14:41:54,593 [INFO] IntegrityCheckThread:80 - entering critical section [integrity check]
2023-10-02 14:41:54,593 [INFO] PluginManage:302 - Check plugin tools
2023-10-02 14:41:54,593 [INFO] ThirdPartyUpdaterWithRetryManager:66 - Updater plugin not ready yet. [1/15]
2023-10-02 14:41:54,595 [INFO] PluginManage:352 - Loaded plugin tools (category:base,tabindex:7)
2023-10-02 14:41:54,595 [INFO] PluginManage:302 - Check plugin tutovideos
2023-10-02 14:41:54,737 [INFO] PluginManage:352 - Loaded plugin tutovideos (category:base,tabindex:-1)
2023-10-02 14:41:54,737 [INFO] PluginManage:302 - Check plugin updater
2023-10-02 14:41:54,746 [INFO] PluginManage:352 - Loaded plugin updater (category:base,tabindex:12)
2023-10-02 14:41:54,746 [INFO] PluginManage:275 - PluginManage : Loaded plugins [13]
2023-10-02 14:41:54,867 [INFO] PinOutPanel:1463 - setPackage(No Configuration,No Configuration)
2023-10-02 14:41:54,930 [INFO] IPUIPlugin:74 - create IPUIPlugin
2023-10-02 14:41:54,930 [INFO] PluginManager:213 - loadIPPluginJar : add adc
2023-10-02 14:41:54,932 [INFO] IPUIPlugin:74 - create IPUIPlugin
2023-10-02 14:41:54,932 [INFO] PluginManager:213 - loadIPPluginJar : add aes
2023-10-02 14:41:54,934 [INFO] IPUIPlugin:74 - create IPUIPlugin
2023-10-02 14:41:54,934 [INFO] PluginManager:213 - loadIPPluginJar : add can
2023-10-02 14:41:54,935 [INFO] IPUIPlugin:74 - create IPUIPlugin
2023-10-02 14:41:54,935 [INFO] PluginManager:213 - loadIPPluginJar : add comp
2023-10-02 14:41:54,936 [INFO] IPUIPlugin:74 - create IPUIPlugin
2023-10-02 14:41:54,937 [INFO] PluginManager:213 - loadIPPluginJar : add cryp
2023-10-02 14:41:54,937 [INFO] IPUIPlugin:74 - create IPUIPlugin
2023-10-02 14:41:54,938 [INFO] PluginManager:213 - loadIPPluginJar : add dfsdm
2023-10-02 14:41:54,942 [INFO] IPUIPlugin:74 - create IPUIPlugin
2023-10-02 14:41:54,942 [INFO] PluginManager:213 - loadIPPluginJar : add dma
2023-10-02 14:41:54,944 [INFO] IPUIPlugin:74 - create IPUIPlugin
2023-10-02 14:41:54,944 [INFO] PluginManager:213 - loadIPPluginJar : add dma3
2023-10-02 14:41:54,945 [INFO] IPUIPlugin:74 - create IPUIPlugin
2023-10-02 14:41:54,945 [INFO] PluginManager:213 - loadIPPluginJar : add fatfs
2023-10-02 14:41:54,948 [INFO] IPUIPlugin:74 - create IPUIPlugin
2023-10-02 14:41:54,948 [INFO] PluginManager:213 - loadIPPluginJar : add fmc
2023-10-02 14:41:54,953 [INFO] IPUIPlugin:74 - create IPUIPlugin
2023-10-02 14:41:54,954 [INFO] PluginManager:213 - loadIPPluginJar : add freertos
2023-10-02 14:41:54,955 [INFO] IPUIPlugin:74 - create IPUIPlugin
2023-10-02 14:41:54,955 [INFO] PluginManager:213 - loadIPPluginJar : add genericplugin
2023-10-02 14:41:54,957 [INFO] IPUIPlugin:74 - create IPUIPlugin
2023-10-02 14:41:54,957 [INFO] PluginManager:213 - loadIPPluginJar : add gfxmmu
2023-10-02 14:41:54,960 [INFO] IPUIPlugin:74 - create IPUIPlugin
2023-10-02 14:41:54,960 [INFO] PluginManager:213 - loadIPPluginJar : add gic
2023-10-02 14:41:54,965 [INFO] IPUIPlugin:74 - create IPUIPlugin
2023-10-02 14:41:54,965 [INFO] PluginManager:213 - loadIPPluginJar : add gpio
2023-10-02 14:41:54,967 [INFO] IPUIPlugin:74 - create IPUIPlugin
2023-10-02 14:41:54,967 [INFO] PluginManager:213 - loadIPPluginJar : add gtzc
2023-10-02 14:41:54,969 [INFO] IPUIPlugin:74 - create IPUIPlugin
2023-10-02 14:41:54,969 [INFO] PluginManager:213 - loadIPPluginJar : add hash
2023-10-02 14:41:54,972 [INFO] IPUIPlugin:74 - create IPUIPlugin
2023-10-02 14:41:54,972 [INFO] PluginManager:213 - loadIPPluginJar : add i2c
2023-10-02 14:41:54,974 [INFO] IPUIPlugin:74 - create IPUIPlugin
2023-10-02 14:41:54,974 [INFO] PluginManager:213 - loadIPPluginJar : add i2s
2023-10-02 14:41:54,976 [INFO] IPUIPlugin:74 - create IPUIPlugin
2023-10-02 14:41:54,976 [INFO] PluginManager:213 - loadIPPluginJar : add ipddr
2023-10-02 14:41:54,981 [INFO] IPUIPlugin:74 - create IPUIPlugin
2023-10-02 14:41:54,983 [INFO] PluginManager:213 - loadIPPluginJar : add linkedlist
2023-10-02 14:41:54,984 [INFO] IPUIPlugin:74 - create IPUIPlugin
2023-10-02 14:41:54,985 [INFO] PluginManager:213 - loadIPPluginJar : add lorawan
2023-10-02 14:41:54,985 [INFO] IPUIPlugin:74 - create IPUIPlugin
2023-10-02 14:41:54,985 [INFO] PluginManager:213 - loadIPPluginJar : add ltdc
2023-10-02 14:41:54,987 [INFO] IPUIPlugin:74 - create IPUIPlugin
2023-10-02 14:41:54,988 [INFO] PluginManager:213 - loadIPPluginJar : add mdma
2023-10-02 14:41:54,990 [INFO] IPUIPlugin:74 - create IPUIPlugin
2023-10-02 14:41:54,990 [INFO] PluginManager:213 - loadIPPluginJar : add nvic
2023-10-02 14:41:54,992 [INFO] IPUIPlugin:74 - create IPUIPlugin
2023-10-02 14:41:54,992 [INFO] PluginManager:213 - loadIPPluginJar : add opamp
2023-10-02 14:41:54,994 [INFO] IPUIPlugin:74 - create IPUIPlugin
2023-10-02 14:41:54,994 [INFO] PluginManager:213 - loadIPPluginJar : add openamp
2023-10-02 14:41:54,996 [INFO] IPUIPlugin:74 - create IPUIPlugin
2023-10-02 14:41:54,996 [INFO] PluginManager:213 - loadIPPluginJar : add pdm2pcm
2023-10-02 14:41:55,000 [INFO] IPUIPlugin:74 - create IPUIPlugin
2023-10-02 14:41:55,003 [INFO] PluginManager:213 - loadIPPluginJar : add plateformsettings
2023-10-02 14:41:55,004 [INFO] IPUIPlugin:74 - create IPUIPlugin
2023-10-02 14:41:55,004 [INFO] PluginManager:213 - loadIPPluginJar : add quadspi
2023-10-02 14:41:55,006 [INFO] IPUIPlugin:74 - create IPUIPlugin
2023-10-02 14:41:55,006 [INFO] PluginManager:213 - loadIPPluginJar : add resmgrutility
2023-10-02 14:41:55,008 [INFO] IPUIPlugin:74 - create IPUIPlugin
2023-10-02 14:41:55,008 [INFO] PluginManager:213 - loadIPPluginJar : add sai
2023-10-02 14:41:55,009 [INFO] IPUIPlugin:74 - create IPUIPlugin
2023-10-02 14:41:55,009 [INFO] PluginManager:213 - loadIPPluginJar : add spi
2023-10-02 14:41:55,013 [INFO] IPUIPlugin:74 - create IPUIPlugin
2023-10-02 14:41:55,013 [INFO] PluginManager:213 - loadIPPluginJar : add stm32_wpan
2023-10-02 14:41:55,014 [INFO] IPUIPlugin:74 - create IPUIPlugin
2023-10-02 14:41:55,014 [INFO] PluginManager:213 - loadIPPluginJar : add tim
2023-10-02 14:41:55,017 [INFO] IPUIPlugin:74 - create IPUIPlugin
2023-10-02 14:41:55,017 [INFO] PluginManager:213 - loadIPPluginJar : add touchsensing
2023-10-02 14:41:55,018 [INFO] IPUIPlugin:74 - create IPUIPlugin
2023-10-02 14:41:55,018 [INFO] PluginManager:213 - loadIPPluginJar : add tracer_emb
2023-10-02 14:41:55,019 [INFO] IPUIPlugin:74 - create IPUIPlugin
2023-10-02 14:41:55,019 [INFO] PluginManager:213 - loadIPPluginJar : add ts
2023-10-02 14:41:55,020 [INFO] IPUIPlugin:74 - create IPUIPlugin
2023-10-02 14:41:55,020 [INFO] PluginManager:213 - loadIPPluginJar : add tsc
2023-10-02 14:41:55,023 [INFO] IPUIPlugin:74 - create IPUIPlugin
2023-10-02 14:41:55,023 [INFO] PluginManager:213 - loadIPPluginJar : add ucpd
2023-10-02 14:41:55,034 [INFO] IPUIPlugin:74 - create IPUIPlugin
2023-10-02 14:41:55,034 [INFO] PluginManager:213 - loadIPPluginJar : add usart
2023-10-02 14:41:55,037 [INFO] IPUIPlugin:74 - create IPUIPlugin
2023-10-02 14:41:55,037 [INFO] PluginManager:213 - loadIPPluginJar : add usbx
2023-10-02 14:41:55,272 [FATAL] Updater:294 - Updater called before beeing initialized
2023-10-02 14:41:55,347 [FATAL] Updater:294 - Updater called before beeing initialized
2023-10-02 14:41:55,349 [INFO] DbMcusAds:47 - JSON generation date=Tue Mar 07 15:50:55 ICT 2023 (1678179055114)
2023-10-02 14:41:55,349 [FATAL] Updater:294 - Updater called before beeing initialized
2023-10-02 14:41:55,375 [WARN] DetailPanel:314 - Failed to get advertising image, set to default
2023-10-02 14:41:55,434 [FATAL] Updater:294 - Updater called before beeing initialized
2023-10-02 14:41:55,436 [FATAL] Updater:294 - Updater called before beeing initialized
2023-10-02 14:41:55,436 [FATAL] Updater:294 - Updater called before beeing initialized
2023-10-02 14:41:55,436 [WARN] DetailPanel:314 - Failed to get advertising image, set to default
2023-10-02 14:41:55,437 [FATAL] Updater:294 - Updater called before beeing initialized
2023-10-02 14:41:55,472 [ERROR] Updater:1075 - MainUpdater not yet initialized. External WinMGr cannot be set.
2023-10-02 14:41:55,474 [INFO] Updater:1012 - Updater Version found : 6.3.0
2023-10-02 14:41:55,490 [INFO] ApplicationProperties:181 - Using Application install path: C:\ST\STM32CubeIDE_1.7.0\STM32CubeIDE\plugins\com.st.stm32cube.common.mx_6.3.0.202107141111
2023-10-02 14:41:55,890 [INFO] MainUpdater:2671 - connection check result : 10
2023-10-02 14:41:55,890 [INFO] MainUpdater:265 - Updater Check For Update Now.
2023-10-02 14:41:55,892 [INFO] MicroXplorer:478 - Change Database Version : DB.6.0.30
2023-10-02 14:41:56,041 [INFO] CheckServerUpdateThread:112 - End of CheckServer Thread
2023-10-02 14:41:56,117 [INFO] MainUpdater:2671 - connection check result : 10
2023-10-02 14:41:56,126 [INFO] McuFinderGlobals:52 - Set McuFinderConnectedMode to true
2023-10-02 14:41:56,450 [INFO] ServerAccessManage:362 - Download File mcusAds.json._tmp_
2023-10-02 14:41:56,557 [INFO] LoadUrlFilesThread:145 - End of LoadUrlFiles Thread
2023-10-02 14:41:57,348 [INFO] ServerAccessManage:362 - Download File mcusDocs.json._tmp_
2023-10-02 14:41:57,595 [WARN] MainUpdater:1122 - Updater busy. Cannot search thirdparties
2023-10-02 14:41:57,595 [INFO] ThirdPartyUpdaterWithRetryManager:92 - Updater plugin is busy. [1/15]
2023-10-02 14:41:58,244 [INFO] LoadUrlFilesThread:145 - End of LoadUrlFiles Thread
2023-10-02 14:41:58,424 [INFO] ServerAccessManage:362 - Download File mcusFeaturesAndDescription.json._tmp_
2023-10-02 14:42:00,595 [WARN] MainUpdater:1122 - Updater busy. Cannot search thirdparties
2023-10-02 14:42:00,595 [INFO] ThirdPartyUpdaterWithRetryManager:92 - Updater plugin is busy. [2/15]
2023-10-02 14:42:00,940 [INFO] LoadUrlFilesThread:145 - End of LoadUrlFiles Thread
2023-10-02 14:42:01,150 [INFO] ServerAccessManage:362 - Download File boardsDocs.json._tmp_
2023-10-02 14:42:01,267 [INFO] LoadUrlFilesThread:145 - End of LoadUrlFiles Thread
2023-10-02 14:42:01,445 [INFO] ServerAccessManage:362 - Download File boards.json._tmp_
2023-10-02 14:42:01,643 [INFO] LoadUrlFilesThread:145 - End of LoadUrlFiles Thread
2023-10-02 14:42:01,924 [INFO] ServerAccessManage:362 - Download File cube-finder-db.zip
2023-10-02 14:42:03,606 [WARN] MainUpdater:1122 - Updater busy. Cannot search thirdparties
2023-10-02 14:42:03,606 [INFO] ThirdPartyUpdaterWithRetryManager:92 - Updater plugin is busy. [3/15]
2023-10-02 14:42:04,224 [INFO] FileExtend:235 - Unzip File : cube-finder-db.zip
2023-10-02 14:42:04,225 [INFO] FileExtend:250 - Standard Zip Deflate
2023-10-02 14:42:04,852 [INFO] LoadUrlFilesThread:145 - End of LoadUrlFiles Thread
2023-10-02 14:42:06,059 [INFO] ServerAccessManage:362 - Download File crdb.zip
2023-10-02 14:42:06,610 [WARN] MainUpdater:1122 - Updater busy. Cannot search thirdparties
2023-10-02 14:42:06,610 [INFO] ThirdPartyUpdaterWithRetryManager:92 - Updater plugin is busy. [4/15]
2023-10-02 14:42:07,513 [INFO] FileExtend:235 - Unzip File : crdb.zip
2023-10-02 14:42:07,513 [INFO] FileExtend:250 - Standard Zip Deflate
2023-10-02 14:42:07,640 [INFO] LoadUrlFilesThread:145 - End of LoadUrlFiles Thread
2023-10-02 14:42:07,839 [INFO] ServerAccessManage:362 - Download File tutoVideoDB.zip
2023-10-02 14:42:07,882 [INFO] FileExtend:235 - Unzip File : tutoVideoDB.zip
2023-10-02 14:42:07,882 [INFO] FileExtend:250 - Standard Zip Deflate
2023-10-02 14:42:07,999 [INFO] LoadUrlFilesThread:145 - End of LoadUrlFiles Thread
2023-10-02 14:42:08,000 [INFO] DbMcusAds:47 - JSON generation date=Tue Mar 07 15:50:55 ICT 2023 (1678179055114)
2023-10-02 14:42:08,010 [INFO] DbMcusDocs:143 - JSON generation date=Tue Nov 16 23:17:54 ICT 2021 (1637079474)
2023-10-02 14:42:08,010 [INFO] DbMcusXml:100 - Load MCU database from C:\ST\STM32CubeIDE_1.7.0\STM32CubeIDE\plugins\com.st.stm32cube.common.mx_6.3.0.202107141111\\db\/mcu/families.xml
2023-10-02 14:42:08,616 [INFO] DbMcusJson:93 - JSON generation date=Tue Nov 16 23:17:54 ICT 2021 (1637079474)
2023-10-02 14:42:09,095 [INFO] DbMcus:175 - Found 1951 MCUs (1903 are supported by CubeMX, 1914 are visible in CubeMX)
2023-10-02 14:42:09,096 [INFO] ApiDb:251 - Load user favorites file C:\Users\Windows/.stm32cubeide/favorites.mcus.txt: 0 item(s)
2023-10-02 14:42:09,096 [INFO] ApiDb:255 - User favorites MCUs=[]
2023-10-02 14:42:09,096 [INFO] DbMcus:187 - Set 0 / 0 favorites MCUs
2023-10-02 14:42:09,561 [INFO] DbMcusDocs:79 - Found 682 MCUs documents
2023-10-02 14:42:09,564 [INFO] ApiDb:276 - Save user favorites file C:\Users\Windows/.stm32cubeide/favorites.mcus.txt: 0 item(s)
2023-10-02 14:42:09,564 [INFO] ApiDb:280 - User favorites MCUs=[]
2023-10-02 14:42:09,564 [INFO] DbMcusXml:100 - Load MCU database from C:\ST\STM32CubeIDE_1.7.0\STM32CubeIDE\plugins\com.st.stm32cube.common.mx_6.3.0.202107141111\\db\/mcu/families.xml
2023-10-02 14:42:09,700 [ERROR] Engine:463 - C:\Users\Windows\.stm32cubemx\thirdparties\pdsc\STMicroelectronics.X-CUBE-SMBUS.2.1.0.pdsc: PDSC version is not supported
2023-10-02 14:42:09,780 [WARN] PackLoader:238 - Cannot read IP mode file for STMicroelectronics.X-CUBE-AZRTOS-F7.1.1.0
2023-10-02 14:42:09,788 [ERROR] Engine:463 - C:\Users\Windows\.stm32cubemx\thirdparties\pdsc\STMicroelectronics.FP-SNS-MOTENV1.4.3.2.pdsc: PDSC version is not supported
2023-10-02 14:42:09,790 [ERROR] Engine:463 - C:\Users\Windows\.stm32cubemx\thirdparties\pdsc\STMicroelectronics.FP-SNS-FLIGHT1.5.0.2.pdsc: PDSC version is not supported
2023-10-02 14:42:09,794 [ERROR] Engine:463 - C:\Users\Windows\.stm32cubemx\thirdparties\pdsc\STMicroelectronics.X-CUBE-DISPLAY.3.0.0.pdsc: PDSC version is not supported
2023-10-02 14:42:09,799 [WARN] PackLoader:238 - Cannot read IP mode file for STMicroelectronics.X-CUBE-BLE1.7.0.0
2023-10-02 14:42:09,802 [ERROR] Engine:463 - C:\Users\Windows\.stm32cubemx\thirdparties\pdsc\emotas.I-CUBE-CANOPEN.1.3.0.pdsc: PDSC version is not supported
2023-10-02 14:42:09,807 [WARN] PackLoader:238 - Cannot read IP mode file for STMicroelectronics.X-CUBE-TOUCHGFX.4.22.0
2023-10-02 14:42:09,809 [ERROR] Engine:463 - C:\Users\Windows\.stm32cubemx\thirdparties\pdsc\STMicroelectronics.FP-SNS-SMARTAG2.1.2.0.pdsc: PDSC version is not supported
2023-10-02 14:42:09,823 [INFO] LogOutputStream:76 - [STDOUT_REDIRECT] 1 : Invalid condition id : UX_CORESTACK_Condition cause : null
2023-10-02 14:42:09,825 [INFO] LogOutputStream:76 - [STDOUT_REDIRECT] 1 : Invalid condition id : UX_CORESTACK_Condition cause : null
2023-10-02 14:42:09,826 [INFO] LogOutputStream:76 - [STDOUT_REDIRECT] 1 : Invalid condition id : UX_CORESTACK_Condition cause : null
2023-10-02 14:42:09,827 [INFO] LogOutputStream:76 - [STDOUT_REDIRECT] 1 : Invalid condition id : UX_CORESTACK_Condition cause : null
2023-10-02 14:42:09,827 [INFO] LogOutputStream:76 - [STDOUT_REDIRECT] 1 : Invalid condition id : UX_CORESTACK_Condition cause : null
2023-10-02 14:42:09,831 [WARN] PackLoader:238 - Cannot read IP mode file for STMicroelectronics.X-CUBE-AZRTOS-WL.2.0.0
2023-10-02 14:42:09,840 [WARN] PackLoader:238 - Cannot read IP mode file for WES.I-CUBE-Cesium.1.3.0
2023-10-02 14:42:09,845 [WARN] PackLoader:238 - Cannot read IP mode file for STMicroelectronics.X-CUBE-BLE2.3.3.0
2023-10-02 14:42:09,853 [WARN] PackLoader:238 - Cannot read IP mode file for STMicroelectronics.X-CUBE-ALGOBUILD.1.3.0
2023-10-02 14:42:09,872 [WARN] PackLoader:238 - Cannot read IP mode file for STMicroelectronics.X-CUBE-AZRTOS-G0.1.1.0
2023-10-02 14:42:09,889 [WARN] PackLoader:238 - Cannot read IP mode file for STMicroelectronics.X-CUBE-NFC4.3.0.0
2023-10-02 14:42:09,895 [WARN] PackLoader:238 - Cannot read IP mode file for STMicroelectronics.FP-ATR-SIGFOX1.3.2.0
2023-10-02 14:42:09,926 [WARN] PackLoader:238 - Cannot read IP mode file for SEGGER.I-CUBE-embOS.1.3.1
2023-10-02 14:42:09,990 [WARN] PackLoader:238 - Cannot read IP mode file for STMicroelectronics.X-CUBE-GNSS1.6.0.0
2023-10-02 14:42:10,013 [WARN] PackLoader:238 - Cannot read IP mode file for STMicroelectronics.X-CUBE-AZRTOS-F4.1.1.0
2023-10-02 14:42:10,017 [WARN] PackLoader:238 - Cannot read IP mode file for wolfSSL.I-CUBE-wolfSSL.5.6.3
2023-10-02 14:42:10,030 [WARN] PackLoader:238 - Cannot read IP mode file for STMicroelectronics.X-CUBE-AZRTOS-L5.2.0.0
2023-10-02 14:42:10,095 [WARN] PackLoader:238 - Cannot read IP mode file for STMicroelectronics.X-CUBE-MEMS1.9.6.0
2023-10-02 14:42:10,123 [INFO] DbMcusJson:93 - JSON generation date=Tue Nov 16 23:17:54 ICT 2021 (1637079474)
2023-10-02 14:42:10,297 [WARN] PackLoader:238 - Cannot read IP mode file for STMicroelectronics.X-CUBE-BLEMGR.2.0.0
2023-10-02 14:42:10,314 [WARN] ConditionMgr:437 - getConditionDescription Invalid condition id : UX DEVICE CLASS RTOS Condition cause : null
2023-10-02 14:42:10,314 [WARN] ConditionMgr:437 - getConditionDescription Invalid condition id : UX DEVICE CLASS RTOS Condition cause : null
2023-10-02 14:42:10,317 [WARN] PackLoader:238 - Cannot read IP mode file for STMicroelectronics.X-CUBE-AZRTOS-H7.3.1.0
2023-10-02 14:42:10,317 [WARN] ConditionMgr:1038 - genDependencies : Invalid condition id : UX DEVICE CLASS RTOS Condition cause : null
2023-10-02 14:42:10,317 [WARN] ConditionMgr:1038 - genDependencies : Invalid condition id : UX DEVICE CLASS RTOS Condition cause : null
2023-10-02 14:42:10,317 [WARN] ConditionMgr:1038 - genDependencies : Invalid condition id : UX DEVICE CLASS RTOS Condition cause : null
2023-10-02 14:42:10,318 [WARN] ConditionMgr:1038 - genDependencies : Invalid condition id : UX DEVICE CLASS RTOS Condition cause : null
2023-10-02 14:42:10,318 [WARN] ConditionMgr:1038 - genDependencies : Invalid condition id : UX DEVICE CLASS RTOS Condition cause : null
2023-10-02 14:42:10,324 [WARN] PackLoader:238 - Cannot read IP mode file for STMicroelectronics.X-CUBE-NFC7.1.0.1
2023-10-02 14:42:10,329 [WARN] PackLoader:238 - Cannot read IP mode file for STMicroelectronics.X-CUBE-NFC6.3.0.0
2023-10-02 14:42:10,339 [WARN] PackLoader:238 - Cannot read IP mode file for STMicroelectronics.X-CUBE-EEPRMA1.4.1.0
2023-10-02 14:42:10,345 [WARN] PackLoader:238 - Cannot read IP mode file for STMicroelectronics.X-CUBE-AI.8.1.0
2023-10-02 14:42:10,362 [WARN] ConditionMgr:437 - getConditionDescription Invalid condition id : LAN8742 Phy interface Condition cause : null
2023-10-02 14:42:10,363 [WARN] PackLoader:238 - Cannot read IP mode file for STMicroelectronics.X-CUBE-AZRTOS-L4.2.0.0
2023-10-02 14:42:10,364 [WARN] ConditionMgr:1038 - genDependencies : Invalid condition id : LAN8742 Phy interface Condition cause : null
2023-10-02 14:42:10,364 [WARN] ConditionMgr:1038 - genDependencies : Invalid condition id : LAN8742 Phy interface Condition cause : null
2023-10-02 14:42:10,365 [WARN] ConditionMgr:1038 - genDependencies : Invalid condition id : LAN8742 Phy interface Condition cause : null
2023-10-02 14:42:10,371 [WARN] PackLoader:238 - Cannot read IP mode file for STMicroelectronics.X-CUBE-SFXS2LP1.4.0.0
2023-10-02 14:42:10,376 [WARN] PackLoader:238 - Cannot read IP mode file for STMicroelectronics.X-CUBE-ISPU.1.1.0
2023-10-02 14:42:10,387 [WARN] ConditionMgr:437 - getConditionDescription Invalid condition id : UX DEVICE CLASS RTOS Condition cause : null
2023-10-02 14:42:10,387 [WARN] ConditionMgr:437 - getConditionDescription Invalid condition id : UX DEVICE CLASS RTOS Condition cause : null
2023-10-02 14:42:10,390 [WARN] PackLoader:238 - Cannot read IP mode file for STMicroelectronics.X-CUBE-AZRTOS-WB.2.0.0
2023-10-02 14:42:10,390 [WARN] ConditionMgr:1038 - genDependencies : Invalid condition id : UX DEVICE CLASS RTOS Condition cause : null
2023-10-02 14:42:10,390 [WARN] ConditionMgr:1038 - genDependencies : Invalid condition id : UX DEVICE CLASS RTOS Condition cause : null
2023-10-02 14:42:10,391 [WARN] ConditionMgr:1038 - genDependencies : Invalid condition id : UX DEVICE CLASS RTOS Condition cause : null
2023-10-02 14:42:10,391 [WARN] ConditionMgr:1038 - genDependencies : Invalid condition id : UX DEVICE CLASS RTOS Condition cause : null
2023-10-02 14:42:10,391 [WARN] ConditionMgr:1038 - genDependencies : Invalid condition id : UX DEVICE CLASS RTOS Condition cause : null
2023-10-02 14:42:10,400 [WARN] PackLoader:238 - Cannot read IP mode file for STMicroelectronics.X-CUBE-SUBG2.5.0.0
2023-10-02 14:42:10,410 [ERROR] Engine:463 - C:\Users\Windows\.stm32cubemx\thirdparties\pdsc\STMicroelectronics.X-CUBE-TOF1.3.3.1.pdsc: PDSC version is not supported
2023-10-02 14:42:10,437 [WARN] PackLoader:238 - Cannot read IP mode file for STMicroelectronics.X-CUBE-AZRTOS-G4.2.0.0
2023-10-02 14:42:10,442 [ERROR] Engine:463 - C:\Users\Windows\.stm32cubemx\thirdparties\pdsc\STMicroelectronics.X-CUBE-FREERTOS.1.1.0.pdsc: PDSC version is not supported
2023-10-02 14:42:10,447 [WARN] PackLoader:238 - Cannot read IP mode file for portGmbH.I-Cube-SoM-uGOAL.1.1.0
2023-10-02 14:42:10,450 [WARN] PackLoader:238 - Cannot read IP mode file for STMicroelectronics.X-CUBE-ALS.1.0.1
2023-10-02 14:42:10,454 [WARN] PackLoader:238 - Cannot read IP mode file for STMicroelectronics.FP-ATR-ASTRA1.2.0.0
2023-10-02 14:42:10,454 [INFO] ThirdParty:915 - Integrity check success = true
2023-10-02 14:42:10,454 [INFO] IntegrityCheckThread:94 - exiting critical section [integrity check]
2023-10-02 14:42:10,454 [INFO] IntegrityCheckThread:97 - End integrity checks thread
2023-10-02 14:42:10,620 [INFO] DbMcus:175 - Found 1951 MCUs (1903 are supported by CubeMX, 1914 are visible in CubeMX)
2023-10-02 14:42:10,620 [INFO] ApiDb:251 - Load user favorites file C:\Users\Windows/.stm32cubeide/favorites.mcus.txt: 0 item(s)
2023-10-02 14:42:10,622 [INFO] ApiDb:255 - User favorites MCUs=[]
2023-10-02 14:42:10,622 [INFO] DbMcus:187 - Set 0 / 0 favorites MCUs
2023-10-02 14:42:10,628 [INFO] DbBoardsDocs:143 - JSON generation date=Tue Nov 16 23:17:54 ICT 2021 (1637079474)
2023-10-02 14:42:10,643 [INFO] DbBoardsPdsc:90 - Found 25 items
2023-10-02 14:42:10,651 [INFO] DbBoardsPdsc:90 - Found 9 items
2023-10-02 14:42:10,662 [INFO] DbBoardsPdsc:90 - Found 33 items
2023-10-02 14:42:10,669 [INFO] DbBoardsPdsc:90 - Found 1 items
2023-10-02 14:42:10,680 [INFO] DbBoardsPdsc:90 - Found 48 items
2023-10-02 14:42:10,693 [INFO] DbBoardsPdsc:90 - Found 43 items
2023-10-02 14:42:10,700 [INFO] DbBoardsPdsc:90 - Found 2 items
2023-10-02 14:42:10,708 [INFO] DbBoardsPdsc:90 - Found 5 items
2023-10-02 14:42:10,713 [WARN] DbBoardsPdsc:254 - Board STM32H7B3I-DK: unknown feature type=Audio, name=, username=Audio stereo codec with Headphone Amp (CS42L51-CNZ), n=1
2023-10-02 14:42:10,713 [WARN] DbBoardsPdsc:254 - Board STM32H735G-DK: unknown feature type=Audio, name=, username=Audio stereo codec with Headphone Amp (WM8994ECS/R), n=1
2023-10-02 14:42:10,715 [WARN] DbBoardsPdsc:254 - Board STM32H7B3I-EVAL: unknown feature type=Audio, name=, username=Multi-Channel Audio Codec (CS42L51-CNZ), n=1
2023-10-02 14:42:10,715 [WARN] DbBoardsPdsc:254 - Board STM32H7B3I-EVAL: unknown feature type=Meter, name=, username=Power-metering and Temperature-monitoring with sigma-delta modulators, n=1
2023-10-02 14:42:10,715 [WARN] DbBoardsPdsc:254 - Board STM32H7B3I-EVAL: unknown feature type=Motor, name=, username=Motor Control, n=1
2023-10-02 14:42:10,715 [WARN] DbBoardsPdsc:254 - Board STM32U575I-EV: unknown feature type=joystick, name=, username=4-direction joystick with selection button, n=1
2023-10-02 14:42:10,737 [INFO] DbBoardsJson:86 - JSON generation date=Tue Nov 16 23:17:54 ICT 2021 (1637079474)
2023-10-02 14:42:10,744 [INFO] DbBoards:117 - Found 167 boards (163 are supported by CubeMX)
2023-10-02 14:42:10,745 [INFO] DbBoardsDocs:143 - JSON generation date=Tue Nov 16 23:17:54 ICT 2021 (1637079474)
2023-10-02 14:42:10,748 [INFO] DbBoardsDocs:79 - Found 209 boards documents
2023-10-02 14:42:10,749 [WARN] DbBoards:127 - board B-L475E-IOT01A2 has no document id list !
2023-10-02 14:42:10,751 [WARN] DbBoards:127 - board NUCLEO-H743ZI has no document id list !
2023-10-02 14:42:10,751 [WARN] DbBoards:127 - board NUCLEO-WL55JC2 has no document id list !
2023-10-02 14:42:10,751 [WARN] DbBoards:127 - board P-NUCLEO-WB55-Nucleo has no document id list !
2023-10-02 14:42:10,751 [WARN] DbBoards:127 - board P-NUCLEO-WB55-USBDongle has no document id list !
2023-10-02 14:42:10,751 [WARN] DbBoards:127 - board STEVAL-BFA001V1B has no document id list !
2023-10-02 14:42:10,751 [WARN] DbBoards:127 - board STEVAL-BFA001V2B has no document id list !
2023-10-02 14:42:10,751 [WARN] DbBoards:127 - board STEVAL-IDP005V1 has no document id list !
2023-10-02 14:42:10,751 [WARN] DbBoards:127 - board STEVAL-IDP005V2 has no document id list !
2023-10-02 14:42:10,751 [WARN] DbBoards:127 - board STEVAL-MKSBOX1V1 has no document id list !
2023-10-02 14:42:10,751 [WARN] DbBoards:127 - board STEVAL-STWINKT1 has no document id list !
2023-10-02 14:42:10,751 [WARN] DbBoards:127 - board STEVAL-STWINKT1B has no document id list !
2023-10-02 14:42:10,751 [WARN] DbBoards:127 - board STM32439I-EVAL2 has no document id list !
2023-10-02 14:42:10,753 [WARN] DbBoards:127 - board STM32F401C-DISCO has no document id list !
2023-10-02 14:42:10,753 [WARN] DbBoards:127 - board STM32F769I-DISC1 has no document id list !
2023-10-02 14:42:10,753 [WARN] DbBoards:127 - board STM32G474E-EVAL1 has no document id list !
2023-10-02 14:42:10,754 [WARN] DbBoards:127 - board STM32H743I-EVAL2 has no document id list !
2023-10-02 14:42:10,754 [WARN] DbBoards:127 - board STM32H747I-DISC1 has no document id list !
2023-10-02 14:42:10,754 [WARN] DbBoards:127 - board STM32H753I-EVAL2 has no document id list !
2023-10-02 14:42:10,754 [WARN] DbBoards:127 - board STM32L-DISCOVERY has no document id list !
2023-10-02 14:42:10,869 [ERROR] DbBoards:189 - Image file not found for board B-U585I-IOT02A: C:\ST\STM32CubeIDE_1.7.0\STM32CubeIDE\plugins\com.st.stm32cube.common.mx_6.3.0.202107141111\\db\/plugins/mcufinder/images/boards/B-U585I-IOT02A_small.jpg
2023-10-02 14:42:10,949 [ERROR] DbBoards:189 - Image file not found for board NUCLEO-F413ZH: C:\ST\STM32CubeIDE_1.7.0\STM32CubeIDE\plugins\com.st.stm32cube.common.mx_6.3.0.202107141111\\db\/plugins/mcufinder/images/boards/nucleo-f413zh_small.jpg
2023-10-02 14:42:11,092 [ERROR] DbBoards:189 - Image file not found for board NUCLEO-L552ZE-Q: C:\ST\STM32CubeIDE_1.7.0\STM32CubeIDE\plugins\com.st.stm32cube.common.mx_6.3.0.202107141111\\db\/plugins/mcufinder/images/boards/nucleo_l552ze_q_small.jpg
2023-10-02 14:42:11,092 [ERROR] DbBoards:189 - Image file not found for board NUCLEO-U575ZI-Q: C:\ST\STM32CubeIDE_1.7.0\STM32CubeIDE\plugins\com.st.stm32cube.common.mx_6.3.0.202107141111\\db\/plugins/mcufinder/images/boards/nucleo-u575zi-q_small.jpg
2023-10-02 14:42:11,092 [ERROR] DbBoards:189 - Image file not found for board NUCLEO-WB15CC: C:\ST\STM32CubeIDE_1.7.0\STM32CubeIDE\plugins\com.st.stm32cube.common.mx_6.3.0.202107141111\\db\/plugins/mcufinder/images/boards/nucleo-wb15cc_small.jpg
2023-10-02 14:42:11,092 [ERROR] DbBoards:189 - Image file not found for board NUCLEO-WB55RG: C:\ST\STM32CubeIDE_1.7.0\STM32CubeIDE\plugins\com.st.stm32cube.common.mx_6.3.0.202107141111\\db\/plugins/mcufinder/images/boards/nucleo-wb55rg_small.jpg
2023-10-02 14:42:12,059 [INFO] ApiDb:251 - Load user favorites file C:\Users\Windows/.stm32cubeide/favorites.boards.txt: 0 item(s)
2023-10-02 14:42:12,059 [INFO] ApiDb:255 - User favorites Boards=[]
2023-10-02 14:42:12,059 [INFO] DbBoards:206 - Set 0 / 0 favorites Boards
2023-10-02 14:42:12,061 [INFO] DbBoardsDocs:79 - Found 418 boards documents
2023-10-02 14:42:12,062 [INFO] ApiDb:276 - Save user favorites file C:\Users\Windows/.stm32cubeide/favorites.boards.txt: 0 item(s)
2023-10-02 14:42:12,062 [INFO] ApiDb:280 - User favorites Boards=[]
2023-10-02 14:42:12,064 [INFO] DbBoardsPdsc:90 - Found 25 items
2023-10-02 14:42:12,065 [INFO] DbBoardsPdsc:90 - Found 9 items
2023-10-02 14:42:12,067 [INFO] DbBoardsPdsc:90 - Found 33 items
2023-10-02 14:42:12,067 [INFO] DbBoardsPdsc:90 - Found 1 items
2023-10-02 14:42:12,071 [INFO] DbBoardsPdsc:90 - Found 48 items
2023-10-02 14:42:12,076 [INFO] DbBoardsPdsc:90 - Found 43 items
2023-10-02 14:42:12,077 [INFO] DbBoardsPdsc:90 - Found 2 items
2023-10-02 14:42:12,078 [INFO] DbBoardsPdsc:90 - Found 5 items
2023-10-02 14:42:12,079 [WARN] DbBoardsPdsc:254 - Board STM32H7B3I-DK: unknown feature type=Audio, name=, username=Audio stereo codec with Headphone Amp (CS42L51-CNZ), n=1
2023-10-02 14:42:12,081 [WARN] DbBoardsPdsc:254 - Board STM32H735G-DK: unknown feature type=Audio, name=, username=Audio stereo codec with Headphone Amp (WM8994ECS/R), n=1
2023-10-02 14:42:12,081 [WARN] DbBoardsPdsc:254 - Board STM32H7B3I-EVAL: unknown feature type=Audio, name=, username=Multi-Channel Audio Codec (CS42L51-CNZ), n=1
2023-10-02 14:42:12,081 [WARN] DbBoardsPdsc:254 - Board STM32H7B3I-EVAL: unknown feature type=Meter, name=, username=Power-metering and Temperature-monitoring with sigma-delta modulators, n=1
2023-10-02 14:42:12,082 [WARN] DbBoardsPdsc:254 - Board STM32H7B3I-EVAL: unknown feature type=Motor, name=, username=Motor Control, n=1
2023-10-02 14:42:12,082 [WARN] DbBoardsPdsc:254 - Board STM32U575I-EV: unknown feature type=joystick, name=, username=4-direction joystick with selection button, n=1
2023-10-02 14:42:12,093 [INFO] DbBoardsJson:86 - JSON generation date=Tue Nov 16 23:17:54 ICT 2021 (1637079474)
2023-10-02 14:42:12,097 [INFO] DbBoards:117 - Found 167 boards (163 are supported by CubeMX)
2023-10-02 14:42:12,097 [WARN] DbBoards:127 - board B-L475E-IOT01A2 has no document id list !
2023-10-02 14:42:12,098 [WARN] DbBoards:127 - board NUCLEO-H743ZI has no document id list !
2023-10-02 14:42:12,098 [WARN] DbBoards:127 - board NUCLEO-WL55JC2 has no document id list !
2023-10-02 14:42:12,098 [WARN] DbBoards:127 - board P-NUCLEO-WB55-Nucleo has no document id list !
2023-10-02 14:42:12,098 [WARN] DbBoards:127 - board P-NUCLEO-WB55-USBDongle has no document id list !
2023-10-02 14:42:12,098 [WARN] DbBoards:127 - board STEVAL-BFA001V1B has no document id list !
2023-10-02 14:42:12,098 [WARN] DbBoards:127 - board STEVAL-BFA001V2B has no document id list !
2023-10-02 14:42:12,098 [WARN] DbBoards:127 - board STEVAL-IDP005V1 has no document id list !
2023-10-02 14:42:12,098 [WARN] DbBoards:127 - board STEVAL-IDP005V2 has no document id list !
2023-10-02 14:42:12,098 [WARN] DbBoards:127 - board STEVAL-MKSBOX1V1 has no document id list !
2023-10-02 14:42:12,098 [WARN] DbBoards:127 - board STEVAL-STWINKT1 has no document id list !
2023-10-02 14:42:12,098 [WARN] DbBoards:127 - board STEVAL-STWINKT1B has no document id list !
2023-10-02 14:42:12,098 [WARN] DbBoards:127 - board STM32439I-EVAL2 has no document id list !
2023-10-02 14:42:12,098 [WARN] DbBoards:127 - board STM32F401C-DISCO has no document id list !
2023-10-02 14:42:12,098 [WARN] DbBoards:127 - board STM32F769I-DISC1 has no document id list !
2023-10-02 14:42:12,098 [WARN] DbBoards:127 - board STM32G474E-EVAL1 has no document id list !
2023-10-02 14:42:12,098 [WARN] DbBoards:127 - board STM32H743I-EVAL2 has no document id list !
2023-10-02 14:42:12,098 [WARN] DbBoards:127 - board STM32H747I-DISC1 has no document id list !
2023-10-02 14:42:12,098 [WARN] DbBoards:127 - board STM32H753I-EVAL2 has no document id list !
2023-10-02 14:42:12,098 [WARN] DbBoards:127 - board STM32L-DISCOVERY has no document id list !
2023-10-02 14:42:12,160 [ERROR] DbBoards:189 - Image file not found for board B-U585I-IOT02A: C:\ST\STM32CubeIDE_1.7.0\STM32CubeIDE\plugins\com.st.stm32cube.common.mx_6.3.0.202107141111\\db\/plugins/mcufinder/images/boards/B-U585I-IOT02A_small.jpg
2023-10-02 14:42:12,223 [ERROR] DbBoards:189 - Image file not found for board NUCLEO-F413ZH: C:\ST\STM32CubeIDE_1.7.0\STM32CubeIDE\plugins\com.st.stm32cube.common.mx_6.3.0.202107141111\\db\/plugins/mcufinder/images/boards/nucleo-f413zh_small.jpg
2023-10-02 14:42:12,367 [ERROR] DbBoards:189 - Image file not found for board NUCLEO-L552ZE-Q: C:\ST\STM32CubeIDE_1.7.0\STM32CubeIDE\plugins\com.st.stm32cube.common.mx_6.3.0.202107141111\\db\/plugins/mcufinder/images/boards/nucleo_l552ze_q_small.jpg
2023-10-02 14:42:12,367 [ERROR] DbBoards:189 - Image file not found for board NUCLEO-U575ZI-Q: C:\ST\STM32CubeIDE_1.7.0\STM32CubeIDE\plugins\com.st.stm32cube.common.mx_6.3.0.202107141111\\db\/plugins/mcufinder/images/boards/nucleo-u575zi-q_small.jpg
2023-10-02 14:42:12,367 [ERROR] DbBoards:189 - Image file not found for board NUCLEO-WB15CC: C:\ST\STM32CubeIDE_1.7.0\STM32CubeIDE\plugins\com.st.stm32cube.common.mx_6.3.0.202107141111\\db\/plugins/mcufinder/images/boards/nucleo-wb15cc_small.jpg
2023-10-02 14:42:12,367 [ERROR] DbBoards:189 - Image file not found for board NUCLEO-WB55RG: C:\ST\STM32CubeIDE_1.7.0\STM32CubeIDE\plugins\com.st.stm32cube.common.mx_6.3.0.202107141111\\db\/plugins/mcufinder/images/boards/nucleo-wb55rg_small.jpg
2023-10-02 14:42:12,963 [INFO] ApiDb:251 - Load user favorites file C:\Users\Windows/.stm32cubeide/favorites.boards.txt: 0 item(s)
2023-10-02 14:42:12,963 [INFO] ApiDb:255 - User favorites Boards=[]
2023-10-02 14:42:12,963 [INFO] DbBoards:206 - Set 0 / 0 favorites Boards
2023-10-02 14:42:12,972 [INFO] LoadUrlFilesThread:172 - End of LoadServerUrlFiles without Thread
2023-10-02 14:42:12,973 [INFO] TargetSelectorAdapter:224 - Refresh data is successful
2023-10-02 14:42:13,057 [INFO] ApiDb:479 - Connected to CubeFinder SQLite database (C:\Users\Windows\.stmcufinder\plugins\mcufinder\mcu\cube-finder-db.db)
2023-10-02 14:42:13,722 [INFO] DbExamplesSqlite:411 - Ignored 27 examples not supported by CubeIDE
2023-10-02 14:42:13,722 [INFO] DbExamplesSqlite:412 - Found 7231 examples active
2023-10-02 14:42:13,722 [INFO] DbExamplesSqlite:413 - Found 677 examples obsolete
2023-10-02 14:42:13,722 [INFO] DbExamplesSqlite:414 - Found 0 examples under development
2023-10-02 14:42:13,722 [INFO] DbExamplesSqlite:415 - Found 74 examples not building
2023-10-02 14:42:13,769 [INFO] DbExamplesSqlite:108 - CubeFinder database Data Model version=2.1
2023-10-02 14:42:13,769 [INFO] DbExamplesSqlite:109 - CubeFinder database Configuration version=3.0.37
2023-10-02 14:42:13,769 [INFO] DbExamplesSqlite:110 - CubeFinder database generation date=2023-08-09 (1691586011)
2023-10-02 14:42:13,769 [INFO] DbExamplesSqlite:111 - CubeFinder database FW Pack versions=[FP-ATR-ASTRA1_V2.0.0, FP-SNS-FLIGHT1_V5.0.1, FP-SNS-FLIGHT1_V5.0.2, FP-SNS-MOTENV1_V4.3.1, FP-SNS-MOTENV1_V4.3.2, STM32Cube_FW_C0_V1.1.0, STM32Cube_FW_F4_V1.27.1, STM32Cube_FW_F7_V1.17.0, STM32Cube_FW_G0_V1.6.1, STM32Cube_FW_G4_V1.5.1, STM32Cube_FW_H5_V0.5.1, STM32Cube_FW_H5_V1.1.0, STM32Cube_FW_H7_V1.11.0, STM32Cube_FW_L0_V1.12.2, STM32Cube_FW_L5_V1.5.0, STM32Cube_FW_U5_V1.3.0, STM32Cube_FW_U5_V1.3.0RC4, STM32Cube_FW_WBA_V1.0.0RC1, STM32Cube_FW_WBA_V1.1.0, STM32Cube_FW_WBA_V1.1.0RC1, STM32Cube_FW_WB_V1.15.0RC1, STM32Cube_FW_WB_V1.16.0, STM32Cube_FW_WB_V1.16.0RC2, STM32Cube_FW_WB_V1.17.0, STM32Cube_FW_WL_V1.3.0, X-CUBE-ALGOBUILD_V1.3.0, X-CUBE-ALS_V1.0.1, X-CUBE-AZRTOS-F4_V1.1.0, X-CUBE-AZRTOS-F7_V1.1.0, X-CUBE-AZRTOS-G0_V1.1.0, X-CUBE-AZRTOS-G4_V2.0.0, X-CUBE-AZRTOS-H7_V3.1.0, X-CUBE-AZRTOS-L4_V1.0.0, X-CUBE-AZRTOS-L4_V2.0.0, X-CUBE-AZRTOS-L5_V1.1.0, X-CUBE-AZRTOS-WB_V1.1.0, X-CUBE-AZRTOS-WL_V2.0.0, X-CUBE-BLE1_V7.0.0, X-CUBE-BLE2_V3.3.0, X-CUBE-BLEMGR_V2.0.0, X-CUBE-EEPRMA1_V4.1.0, X-CUBE-FREERTOS_V1.1.0, X-CUBE-GNSS1_V6.0.0, X-CUBE-MEMS1_V9.1.0, X-CUBE-MEMS1_V9.4.0, X-CUBE-MEMS1_V9.6.0, X-CUBE-NFC4_V3.0.0, X-CUBE-NFC7_V1.0.0, X-CUBE-SFXS2LP1_V4.0.0, X-CUBE-SUBG2_V5.0.0, X-CUBE-TOF1_V3.3.1]
2023-10-02 14:42:13,771 [INFO] DbExamples:130 - Found 7278 examples
2023-10-02 14:42:14,267 [ERROR] DbExamples:206 - Found 7278 examples with invalid data (board or MCU)
2023-10-02 14:42:14,267 [INFO] DbExamples:222 - Found 79 boards with related examples
2023-10-02 14:42:14,268 [INFO] DbExamples:235 - Found 0 MCUs with related examples
2023-10-02 14:42:14,284 [INFO] ApiDb:242 - User favorites file not found: C:\Users\Windows/.stm32cubeide/favorites.examples.txt
2023-10-02 14:42:14,285 [INFO] DbExamples:256 - Set 0 / 0 favorites Examples
2023-10-02 14:42:14,410 [INFO] McuFinderGlobals:52 - Set McuFinderConnectedMode to false
2023-10-02 14:42:14,488 [INFO] CrossSelectorPresenter:1330 - Cross Selector saved comparison directory: C:\Users\Windows\.stmcufinder\plugins\mcufinder\mcu\cs_comparisons_mx
2023-10-02 14:42:14,494 [INFO] MultiScanPanel:197 - Auto-refresh data requested => check proxy status ongoing
2023-10-02 14:42:14,494 [INFO] MultiScanPanel:201 - Proxy status is invalid
2023-10-02 14:42:14,497 [INFO] FinderPluginLoader:87 - Searching for filters in installed packs
2023-10-02 14:42:14,880 [INFO] DetailPanel:309 - Set advertising image to C:/Users/Windows/STM32Cube/Repository/\en.prom-stm32h5-mcu-finder.jpg
2023-10-02 14:43:31,002 [INFO] MainUpdater:2671 - connection check result : 10
2023-10-02 14:43:31,003 [INFO] MainUpdater:2671 - connection check result : 10
2023-10-02 14:43:31,039 [INFO] MicroXplorer:448 - Change Database Path : 
2023-10-02 14:43:31,040 [INFO] MicroXplorer:478 - Change Database Version : DB.6.0.30
2023-10-02 14:43:31,040 [WARN] ThirdParty:813 - waiting for thirdparty lock release [close project]
2023-10-02 14:43:31,040 [INFO] ThirdParty:815 - entering critical section [close project]
2023-10-02 14:43:31,042 [INFO] ThirdParty:825 - exiting critical section [close project]
2023-10-02 14:43:31,047 [INFO] PinOutPanel:1463 - setPackage(No Configuration,No Configuration)
2023-10-02 14:43:31,048 [INFO] UtilMem:74 - Begin LoadConfig() Used Memory: 759861576 Bytes (767557632)
2023-10-02 14:43:31,049 [INFO] MicroXplorer:448 - Change Database Path : 
2023-10-02 14:43:31,049 [INFO] MicroXplorer:478 - Change Database Version : DB.6.0.30
2023-10-02 14:43:31,050 [INFO] OpenFileManager:313 - Change cursor
2023-10-02 14:43:31,626 [INFO] Context:592 - Trying to add GPIOservice into a context  which must be forbidden
2023-10-02 14:43:31,792 [INFO] ImportTextPane:167 - (OptionalMessage_ERROR) Unable to find key (Mcu.ThirdPartyNb) in loaded IOC file
2023-10-02 14:43:31,792 [INFO] ImportTextPane:167 - (OptionalMessage_ERROR) Unable to find key (Mcu.PinsNb) in loaded IOC file
2023-10-02 14:43:31,792 [INFO] ImportTextPane:167 - (OptionalMessage_ERROR) Unable to find key (Mcu.IPNb) in loaded IOC file
2023-10-02 14:43:31,840 [WARN] ApiManager:304 - Cannot register API 'Board Extension:GNSS1A1' from pack STMicroelectronics.X-CUBE-GNSS1.6.0.0: no header file found
2023-10-02 14:43:31,840 [WARN] ApiManager:304 - Cannot register API 'Board Support:Custom' from pack STMicroelectronics.X-CUBE-GNSS1.6.0.0: no header file found
2023-10-02 14:43:31,840 [WARN] ApiManager:304 - Cannot register API 'Data Exchange:lib_gnss' from pack STMicroelectronics.X-CUBE-GNSS1.6.0.0: no header file found
2023-10-02 14:43:31,844 [WARN] ApiManager:304 - Cannot register API 'Wireless:BlueNRG-MS' from pack STMicroelectronics.X-CUBE-BLE1.7.0.0: no header file found
2023-10-02 14:43:31,847 [WARN] ModelIntegratedComponent:60 - No mode defined for component null
2023-10-02 14:43:31,847 [WARN] ModelIntegratedComponent:60 - No mode defined for component null
2023-10-02 14:43:31,847 [WARN] ModelIntegratedComponent:60 - No mode defined for component null
2023-10-02 14:43:31,847 [WARN] ModelIntegratedComponent:60 - No mode defined for component null
2023-10-02 14:43:31,848 [WARN] ModelIntegratedComponent:60 - No mode defined for component null
2023-10-02 14:43:31,848 [WARN] ModelIntegratedComponent:60 - No mode defined for component null
2023-10-02 14:43:31,848 [WARN] ModelIntegratedComponent:60 - No mode defined for component null
2023-10-02 14:43:31,848 [WARN] ModelIntegratedComponent:60 - No mode defined for component null
2023-10-02 14:43:31,848 [WARN] ModelIntegratedComponent:60 - No mode defined for component null
2023-10-02 14:43:31,848 [WARN] ModelIntegratedComponent:60 - No mode defined for component null
2023-10-02 14:43:31,848 [WARN] ModelIntegratedComponent:60 - No mode defined for component null
2023-10-02 14:43:31,848 [WARN] ModelIntegratedComponent:60 - No mode defined for component null
2023-10-02 14:43:31,848 [WARN] ModelIntegratedComponent:60 - No mode defined for component null
2023-10-02 14:43:31,848 [WARN] ModelIntegratedComponent:60 - No mode defined for component null
2023-10-02 14:43:31,848 [WARN] ModelIntegratedComponent:60 - No mode defined for component null
2023-10-02 14:43:31,848 [WARN] ModelIntegratedComponent:60 - No mode defined for component null
2023-10-02 14:43:31,848 [WARN] ModelIntegratedComponent:60 - No mode defined for component null
2023-10-02 14:43:31,848 [WARN] ModelIntegratedComponent:60 - No mode defined for component null
2023-10-02 14:43:31,848 [WARN] ModelIntegratedComponent:60 - No mode defined for component null
2023-10-02 14:43:31,848 [WARN] ModelIntegratedComponent:60 - No mode defined for component null
2023-10-02 14:43:31,848 [WARN] ModelIntegratedComponent:60 - No mode defined for component null
2023-10-02 14:43:31,848 [WARN] ModelIntegratedComponent:60 - No mode defined for component null
2023-10-02 14:43:31,848 [WARN] ModelIntegratedComponent:60 - No mode defined for component null
2023-10-02 14:43:31,848 [WARN] ModelIntegratedComponent:60 - No mode defined for component null
2023-10-02 14:43:31,848 [WARN] ModelIntegratedComponent:60 - No mode defined for component null
2023-10-02 14:43:31,849 [WARN] ModelIntegratedComponent:60 - No mode defined for component null
2023-10-02 14:43:31,849 [WARN] ModelIntegratedComponent:60 - No mode defined for component null
2023-10-02 14:43:31,849 [WARN] ModelIntegratedComponent:60 - No mode defined for component null
2023-10-02 14:43:31,849 [WARN] ModelIntegratedComponent:60 - No mode defined for component null
2023-10-02 14:43:31,849 [WARN] ModelIntegratedComponent:60 - No mode defined for component null
2023-10-02 14:43:31,849 [WARN] ModelIntegratedComponent:60 - No mode defined for component null
2023-10-02 14:43:31,852 [WARN] ApiManager:304 - Cannot register API 'Board Extension:NFC07A1' from pack STMicroelectronics.X-CUBE-NFC7.1.0.1: no header file found
2023-10-02 14:43:31,856 [WARN] ApiManager:304 - Cannot register API 'Board Extension:NFC06A1' from pack STMicroelectronics.X-CUBE-NFC6.3.0.0: no header file found
2023-10-02 14:43:31,856 [WARN] ApiManager:304 - Cannot register API 'Board Extension:NFC08A1' from pack STMicroelectronics.X-CUBE-NFC6.3.0.0: no header file found
2023-10-02 14:43:31,857 [WARN] ApiManager:304 - Cannot register API 'Board Extension:EEPRMA1' from pack STMicroelectronics.X-CUBE-EEPRMA1.4.1.0: no header file found
2023-10-02 14:43:31,857 [WARN] ApiManager:304 - Cannot register API 'Board Extension:EEPRMA2' from pack STMicroelectronics.X-CUBE-EEPRMA1.4.1.0: no header file found
2023-10-02 14:43:31,857 [WARN] ApiManager:304 - Cannot register API 'Board Extension:PGEEZ1' from pack STMicroelectronics.X-CUBE-EEPRMA1.4.1.0: no header file found
2023-10-02 14:43:31,857 [WARN] ApiManager:304 - Cannot register API 'Board Part:M24' from pack STMicroelectronics.X-CUBE-EEPRMA1.4.1.0: no header file found
2023-10-02 14:43:31,857 [WARN] ApiManager:304 - Cannot register API 'Board Part:M95' from pack STMicroelectronics.X-CUBE-EEPRMA1.4.1.0: no header file found
2023-10-02 14:43:31,857 [WARN] ApiManager:304 - Cannot register API 'Board Part:M95P32' from pack STMicroelectronics.X-CUBE-EEPRMA1.4.1.0: no header file found
2023-10-02 14:43:31,857 [WARN] ApiManager:304 - Cannot register API 'PGEEZ1:SPI' from pack STMicroelectronics.X-CUBE-EEPRMA1.4.1.0: no header file found
2023-10-02 14:43:31,857 [WARN] ApiManager:304 - Cannot register API 'PGEEZ1:QDSPI' from pack STMicroelectronics.X-CUBE-EEPRMA1.4.1.0: no header file found
2023-10-02 14:43:32,030 [WARN] ApiManager:304 - Cannot register API 'Board Extension:IKS01A3' from pack STMicroelectronics.X-CUBE-MEMS1.9.6.0: no header file found
2023-10-02 14:43:32,030 [WARN] ApiManager:304 - Cannot register API 'Board Extension:IKS01A2' from pack STMicroelectronics.X-CUBE-MEMS1.9.6.0: no header file found
2023-10-02 14:43:32,030 [WARN] ApiManager:304 - Cannot register API 'Board Extension:IKS02A1' from pack STMicroelectronics.X-CUBE-MEMS1.9.6.0: no header file found
2023-10-02 14:43:32,040 [INFO] RtosManager:484 - Registered RTOS mode: class=CMSIS, group=RTOS, mode=CMSIS_V1, owner=FREERTOS
2023-10-02 14:43:32,042 [INFO] RtosManager:484 - Registered RTOS mode: class=CMSIS, group=RTOS2, mode=CMSIS_V2, owner=FREERTOS
2023-10-02 14:43:32,042 [INFO] RtosManager:484 - Registered RTOS mode: class=RTOS, group=Core, mode=CMSIS_V1, owner=FREERTOS
2023-10-02 14:43:32,042 [INFO] RtosManager:484 - Registered RTOS mode: class=RTOS, group=Core, mode=CMSIS_V2, owner=FREERTOS
2023-10-02 14:43:32,042 [WARN] ModelIntegratedComponent:181 - Missing modes for component STMicroelectronics:FreeRTOS:0.0.1:STMicroelectronics:RTOS:FreeRTOS:Core:::10.2.0:
2023-10-02 14:43:32,045 [WARN] ApiManager:304 - Cannot register API 'Board Extension:NFC04A1' from pack STMicroelectronics.X-CUBE-NFC4.3.0.0: no header file found
2023-10-02 14:43:32,048 [WARN] ApiManager:304 - Cannot register API 'Board Extension:S2868A1' from pack STMicroelectronics.X-CUBE-SUBG2.5.0.0: no header file found
2023-10-02 14:43:32,048 [WARN] ApiManager:304 - Cannot register API 'Board Extension:S2868A2' from pack STMicroelectronics.X-CUBE-SUBG2.5.0.0: no header file found
2023-10-02 14:43:32,048 [WARN] ApiManager:304 - Cannot register API 'Board Extension:S2915A1' from pack STMicroelectronics.X-CUBE-SUBG2.5.0.0: no header file found
2023-10-02 14:43:32,056 [WARN] ApiManager:304 - Cannot register API 'Board Extension:S2868A1' from pack STMicroelectronics.X-CUBE-SFXS2LP1.4.0.0: no header file found
2023-10-02 14:43:32,056 [WARN] ApiManager:304 - Cannot register API 'Board Extension:S2868A2' from pack STMicroelectronics.X-CUBE-SFXS2LP1.4.0.0: no header file found
2023-10-02 14:43:32,056 [WARN] ApiManager:304 - Cannot register API 'Board Extension:S2915A1' from pack STMicroelectronics.X-CUBE-SFXS2LP1.4.0.0: no header file found
2023-10-02 14:43:32,057 [WARN] ApiManager:304 - Cannot register API 'Wireless:BlueNRG-2' from pack STMicroelectronics.X-CUBE-BLE2.3.3.0: no header file found
2023-10-02 14:43:33,554 [INFO] UtilMem:74 - End LoadConfig() Used Memory: 723812736 Bytes (808452096)
2023-10-02 14:43:33,556 [WARN] ThirdParty:779 - waiting for thirdparty lock release [change project]
2023-10-02 14:43:33,556 [INFO] ThirdParty:781 - entering critical section [change project]
2023-10-02 14:43:33,556 [INFO] ThirdParty:967 - CMSIS Pack Vendor :STMicroelectronics X-CUBE-ISPU 1.1.0
2023-10-02 14:43:33,556 [INFO] ThirdParty:967 - CMSIS Pack Vendor :STMicroelectronics X-CUBE-GNSS1 6.0.0
2023-10-02 14:43:33,556 [INFO] ThirdParty:967 - CMSIS Pack Vendor :STMicroelectronics USB_HOST 2.0.0
2023-10-02 14:43:33,557 [INFO] ThirdParty:967 - CMSIS Pack Vendor :STMicroelectronics X-CUBE-AZRTOS-F4 1.1.0
2023-10-02 14:43:33,557 [INFO] ThirdParty:967 - CMSIS Pack Vendor :STMicroelectronics X-CUBE-BLE1 7.0.0
2023-10-02 14:43:33,557 [INFO] ThirdParty:967 - CMSIS Pack Vendor :STMicroelectronics FP-ATR-SIGFOX1 3.2.0
2023-10-02 14:43:33,557 [INFO] ThirdParty:967 - CMSIS Pack Vendor :wolfSSL I-CUBE-wolfSSL 5.6.3
2023-10-02 14:43:33,557 [INFO] ThirdParty:967 - CMSIS Pack Vendor :STMicroelectronics USB_DEVICE 3.0.0
2023-10-02 14:43:33,557 [INFO] ThirdParty:967 - CMSIS Pack Vendor :STMicroelectronics HAL Drivers 0.0.0
2023-10-02 14:43:33,557 [INFO] ThirdParty:967 - CMSIS Pack Vendor :STMicroelectronics MBEDTLS 2.16.2
2023-10-02 14:43:33,557 [INFO] ThirdParty:967 - CMSIS Pack Vendor :STMicroelectronics X-CUBE-AZRTOS-WB 2.0.0
2023-10-02 14:43:33,557 [INFO] ThirdParty:967 - CMSIS Pack Vendor :STMicroelectronics X-CUBE-TOUCHGFX 4.22.0
2023-10-02 14:43:33,557 [INFO] ThirdParty:967 - CMSIS Pack Vendor :STMicroelectronics X-CUBE-NFC7 1.0.1
2023-10-02 14:43:33,557 [INFO] ThirdParty:967 - CMSIS Pack Vendor :STMicroelectronics MBEDTLS 2.14.1
2023-10-02 14:43:33,557 [INFO] ThirdParty:967 - CMSIS Pack Vendor :STMicroelectronics X-CUBE-AZRTOS-F7 1.1.0
2023-10-02 14:43:33,557 [INFO] ThirdParty:967 - CMSIS Pack Vendor :STMicroelectronics X-CUBE-AZRTOS-L5 2.0.0
2023-10-02 14:43:33,557 [INFO] ThirdParty:967 - CMSIS Pack Vendor :STMicroelectronics X-CUBE-NFC6 3.0.0
2023-10-02 14:43:33,557 [INFO] ThirdParty:967 - CMSIS Pack Vendor :STMicroelectronics X-CUBE-EEPRMA1 4.1.0
2023-10-02 14:43:33,557 [INFO] ThirdParty:967 - CMSIS Pack Vendor :portGmbH I-Cube-SoM-uGOAL 1.1.0
2023-10-02 14:43:33,557 [INFO] ThirdParty:967 - CMSIS Pack Vendor :STMicroelectronics X-CUBE-ALS 1.0.1
2023-10-02 14:43:33,557 [INFO] ThirdParty:967 - CMSIS Pack Vendor :STMicroelectronics USB_DEVICE 2.0.0
2023-10-02 14:43:33,557 [INFO] ThirdParty:967 - CMSIS Pack Vendor :STMicroelectronics X-CUBE-MEMS1 9.6.0
2023-10-02 14:43:33,557 [INFO] ThirdParty:967 - CMSIS Pack Vendor :STMicroelectronics X-CUBE-AZRTOS-WL 2.0.0
2023-10-02 14:43:33,557 [INFO] ThirdParty:967 - CMSIS Pack Vendor :STMicroelectronics X-CUBE-ALGOBUILD 1.3.0
2023-10-02 14:43:33,557 [INFO] ThirdParty:967 - CMSIS Pack Vendor :SEGGER I-CUBE-embOS 1.3.1
2023-10-02 14:43:33,557 [INFO] ThirdParty:967 - CMSIS Pack Vendor :STMicroelectronics FreeRTOS 0.0.1
2023-10-02 14:43:33,557 [INFO] ThirdParty:967 - CMSIS Pack Vendor :STMicroelectronics X-CUBE-AZRTOS-G0 1.1.0
2023-10-02 14:43:33,557 [INFO] ThirdParty:967 - CMSIS Pack Vendor :STMicroelectronics USB_DEVICE 1.0.0
2023-10-02 14:43:33,557 [INFO] ThirdParty:967 - CMSIS Pack Vendor :STMicroelectronics X-CUBE-BLEMGR 2.0.0
2023-10-02 14:43:33,557 [INFO] ThirdParty:967 - CMSIS Pack Vendor :STMicroelectronics X-CUBE-AI 8.1.0
2023-10-02 14:43:33,557 [INFO] ThirdParty:967 - CMSIS Pack Vendor :STMicroelectronics X-CUBE-NFC4 3.0.0
2023-10-02 14:43:33,557 [INFO] ThirdParty:967 - CMSIS Pack Vendor :STMicroelectronics X-CUBE-SUBG2 5.0.0
2023-10-02 14:43:33,557 [INFO] ThirdParty:967 - CMSIS Pack Vendor :STMicroelectronics X-CUBE-AZRTOS-L4 2.0.0
2023-10-02 14:43:33,557 [INFO] ThirdParty:967 - CMSIS Pack Vendor :STMicroelectronics ThreadX 0.0.2
2023-10-02 14:43:33,557 [INFO] ThirdParty:967 - CMSIS Pack Vendor :WES I-CUBE-Cesium 1.3.0
2023-10-02 14:43:33,557 [INFO] ThirdParty:967 - CMSIS Pack Vendor :STMicroelectronics FP-ATR-ASTRA1 2.0.0
2023-10-02 14:43:33,557 [INFO] ThirdParty:967 - CMSIS Pack Vendor :STMicroelectronics lwIP 2.0.3
2023-10-02 14:43:33,557 [INFO] ThirdParty:967 - CMSIS Pack Vendor :STMicroelectronics lwIP 2.1.2
2023-10-02 14:43:33,557 [INFO] ThirdParty:967 - CMSIS Pack Vendor :STMicroelectronics X-CUBE-SFXS2LP1 4.0.0
2023-10-02 14:43:33,557 [INFO] ThirdParty:967 - CMSIS Pack Vendor :STMicroelectronics X-CUBE-BLE2 3.3.0
2023-10-02 14:43:33,557 [INFO] ThirdParty:967 - CMSIS Pack Vendor :STMicroelectronics USB_HOST 1.0.0
2023-10-02 14:43:33,558 [INFO] ThirdParty:967 - CMSIS Pack Vendor :STMicroelectronics X-CUBE-AZRTOS-G4 2.0.0
2023-10-02 14:43:33,558 [INFO] ThirdParty:967 - CMSIS Pack Vendor :STMicroelectronics PDM2PCM 3.1.0
2023-10-02 14:43:33,558 [INFO] ThirdParty:967 - CMSIS Pack Vendor :STMicroelectronics X-CUBE-AZRTOS-H7 3.1.0
2023-10-02 14:43:33,558 [INFO] ThirdParty:967 - CMSIS Pack Vendor :STMicroelectronics PDM2PCM 3.2.0
2023-10-02 14:43:33,558 [INFO] ThirdParty:967 - CMSIS Pack Vendor :STMicroelectronics PDM2PCM 3.3.0
2023-10-02 14:43:33,558 [INFO] ThirdParty:787 - exiting critical section [change project]
2023-10-02 14:43:33,722 [INFO] PinOutPanel:1463 - setPackage(No Configuration,No Configuration)
2023-10-02 14:43:33,723 [INFO] PinOutPanel:1463 - setPackage(STM32F103C6Ux,UFQFPN48)
2023-10-02 14:43:33,993 [INFO] UtilMem:74 - Before build in PCC Used Memory: 707676192 Bytes (808452096)
2023-10-02 14:43:34,429 [INFO] UtilMem:74 - After build in PCC Used Memory: 707016760 Bytes (808452096)
2023-10-02 14:43:34,449 [INFO] IPUIPlugin:74 - create IPUIPlugin
2023-10-02 14:43:34,449 [INFO] IPUIPlugin:74 - create IPUIPlugin
2023-10-02 14:43:34,449 [INFO] IPUIPlugin:74 - create IPUIPlugin
2023-10-02 14:43:34,450 [INFO] IPUIPlugin:74 - create IPUIPlugin
2023-10-02 14:43:34,450 [INFO] IPUIPlugin:74 - create IPUIPlugin
2023-10-02 14:43:34,450 [INFO] IPUIPlugin:74 - create IPUIPlugin
2023-10-02 14:43:34,450 [INFO] IPUIPlugin:74 - create IPUIPlugin
2023-10-02 14:43:34,450 [INFO] IPUIPlugin:74 - create IPUIPlugin
2023-10-02 14:43:34,450 [INFO] IPUIPlugin:74 - create IPUIPlugin
2023-10-02 14:43:34,450 [INFO] IPUIPlugin:74 - create IPUIPlugin
2023-10-02 14:43:34,450 [INFO] IPUIPlugin:74 - create IPUIPlugin
2023-10-02 14:43:34,450 [INFO] IPUIPlugin:74 - create IPUIPlugin
2023-10-02 14:43:34,450 [INFO] IPUIPlugin:74 - create IPUIPlugin
2023-10-02 14:43:34,452 [INFO] IPUIPlugin:74 - create IPUIPlugin
2023-10-02 14:43:34,452 [INFO] IPUIPlugin:74 - create IPUIPlugin
2023-10-02 14:43:34,452 [INFO] IPUIPlugin:74 - create IPUIPlugin
2023-10-02 14:43:34,452 [INFO] IPUIPlugin:74 - create IPUIPlugin
2023-10-02 14:43:34,452 [INFO] IPUIPlugin:74 - create IPUIPlugin
2023-10-02 14:43:34,453 [INFO] IPUIPlugin:74 - create IPUIPlugin
2023-10-02 14:43:34,453 [INFO] IPUIPlugin:74 - create IPUIPlugin
2023-10-02 14:43:34,453 [INFO] IPUIPlugin:74 - create IPUIPlugin
2023-10-02 14:43:34,453 [INFO] IPUIPlugin:74 - create IPUIPlugin
2023-10-02 14:43:34,454 [INFO] IPUIPlugin:74 - create IPUIPlugin
2023-10-02 14:43:34,564 [INFO] OpenFileManager:333 - Restore cursor
2023-10-02 14:43:34,778 [INFO] UtilMem:74 - End SaveConfig() Used Memory: 692433960 Bytes (808452096)
2023-10-02 14:43:34,827 [INFO] UtilMem:74 - End SaveConfig() Used Memory: 704921288 Bytes (808452096)
2023-10-02 14:43:35,058 [INFO] BlockDiagram:2740 - set Specific Code input for plugin: NVIC
2023-10-02 14:43:35,059 [INFO] BlockDiagram:2740 - set Specific Code input for plugin: SYS
2023-10-02 14:43:35,059 [INFO] BlockDiagram:2740 - set Specific Code input for plugin: RCC
2023-10-02 14:43:35,059 [INFO] CodeGenerator:663 - code generatio: config db path: C:\ST\STM32CubeIDE_1.7.0\STM32CubeIDE\plugins\com.st.stm32cube.common.mx_6.3.0.202107141111\\db\
2023-10-02 14:43:35,268 [INFO] CodeEngine:239 - oldGeneratedFile, D:\Desktop\lab_vxl\lab2_1\ex\MXTmpFiles\license.tmp_save
2023-10-02 14:43:35,534 [INFO] CodeEngine:257 - Generated code: D:\Desktop\lab_vxl\lab2_1\ex\MXTmpFiles\license.tmp
2023-10-02 14:43:35,620 [INFO] CodeEngine:239 - oldGeneratedFile, D:\Desktop\lab_vxl\lab2_1\ex\Core\Src\stm32f1xx_it.c_save
2023-10-02 14:43:35,732 [INFO] CodeEngine:257 - Generated code: D:\Desktop\lab_vxl\lab2_1\ex\Core\Src\stm32f1xx_it.c
2023-10-02 14:43:35,734 [INFO] CodeEngine:239 - oldGeneratedFile, D:\Desktop\lab_vxl\lab2_1\ex\Core\Inc\stm32f1xx_it.h_save
2023-10-02 14:43:35,810 [INFO] CodeEngine:257 - Generated code: D:\Desktop\lab_vxl\lab2_1\ex\Core\Inc\stm32f1xx_it.h
2023-10-02 14:43:35,815 [INFO] CodeEngine:239 - oldGeneratedFile, D:\Desktop\lab_vxl\lab2_1\ex\Core\Src\stm32f1xx_hal_msp.c_save
2023-10-02 14:43:35,916 [INFO] CodeEngine:257 - Generated code: D:\Desktop\lab_vxl\lab2_1\ex\Core\Src\stm32f1xx_hal_msp.c
2023-10-02 14:43:35,917 [INFO] CodeEngine:239 - oldGeneratedFile, D:\Desktop\lab_vxl\lab2_1\ex\MXTmpFiles\system.tmp_save
2023-10-02 14:43:35,964 [INFO] CodeEngine:257 - Generated code: D:\Desktop\lab_vxl\lab2_1\ex\MXTmpFiles\system.tmp
2023-10-02 14:43:35,968 [INFO] CodeEngine:239 - oldGeneratedFile, D:\Desktop\lab_vxl\lab2_1\ex\Core\Inc\stm32f1xx_hal_conf.h_save
2023-10-02 14:43:36,043 [INFO] CodeEngine:257 - Generated code: D:\Desktop\lab_vxl\lab2_1\ex\Core\Inc\stm32f1xx_hal_conf.h
2023-10-02 14:43:36,069 [INFO] CodeEngine:239 - oldGeneratedFile, D:\Desktop\lab_vxl\lab2_1\ex\Core\Inc\main.h_save
2023-10-02 14:43:36,136 [INFO] CodeEngine:257 - Generated code: D:\Desktop\lab_vxl\lab2_1\ex\Core\Inc\main.h
2023-10-02 14:43:36,137 [INFO] CodeEngine:239 - oldGeneratedFile, D:\Desktop\lab_vxl\lab2_1\ex\Core\Src\main.c_save
2023-10-02 14:43:36,233 [INFO] CodeEngine:257 - Generated code: D:\Desktop\lab_vxl\lab2_1\ex\Core\Src\main.c
2023-10-02 14:43:36,890 [INFO] ProjectBuilder:2578 - Time for Copy HAL[1] : 36mS.
2023-10-02 14:43:36,895 [INFO] ProjectBuilder:3622 - Project Generator version: 3.14.1
2023-10-02 14:43:37,257 [INFO] ConfigFileManager:1271 - The Die is : DIE412
2023-10-02 14:43:37,270 [INFO] ApiDbMcu:468 - Load IP Config File for FATFS
2023-10-02 14:43:37,292 [INFO] ApiDbMcu:468 - Load IP Config File for FREERTOS
2023-10-02 14:43:37,314 [INFO] ApiDbMcu:468 - Load IP Config File for USB_DEVICE
2023-10-02 14:43:40,463 [INFO] ProjectBuilder:3789 - Time for Generating toolchain IDE Files: 3568mS.
2023-10-02 14:43:40,463 [INFO] ProjectBuilder:2457 - Time for Copy CMSIS : 0mS.
2023-10-02 14:43:40,464 [INFO] ProjectBuilder:2457 - Time for Copy CMSIS : 0mS.
2023-10-02 14:43:41,211 [INFO] McuFinderGlobals:52 - Set McuFinderConnectedMode to true
2023-10-02 14:43:41,213 [INFO] ApiDb:276 - Save user favorites file C:\Users\Windows/.stm32cubeide/favorites.mcus.txt: 0 item(s)
2023-10-02 14:43:41,213 [INFO] ApiDb:280 - User favorites MCUs=[]
2023-10-02 14:45:52,802 [INFO] NvicIntPanel:96 - NVIC parent = com.st.microxplorer.plugins.ip.nvic.MultiNvicIntPanel[,0,0,450x283,layout=javax.swing.BoxLayout,alignmentX=0.0,alignmentY=0.0,border=,flags=9,maximumSize=,minimumSize=,preferredSize=]
2023-10-02 14:46:37,043 [INFO] UtilMem:74 - End SaveConfig() Used Memory: 788547800 Bytes (1073741824)
2023-10-02 14:46:38,322 [INFO] UtilMem:74 - End SaveConfig() Used Memory: 811616472 Bytes (1073741824)
2023-10-02 14:46:40,096 [INFO] UtilMem:74 - End SaveConfig() Used Memory: 919634800 Bytes (1073741824)
2023-10-02 14:46:40,343 [INFO] BlockDiagram:2740 - set Specific Code input for plugin: NVIC
2023-10-02 14:46:40,343 [INFO] BlockDiagram:2740 - set Specific Code input for plugin: SYS
2023-10-02 14:46:40,343 [INFO] BlockDiagram:2740 - set Specific Code input for plugin: GPIO
2023-10-02 14:46:40,343 [INFO] BlockDiagram:2740 - set Specific Code input for plugin: RCC
2023-10-02 14:46:40,343 [INFO] BlockDiagram:2740 - set Specific Code input for plugin: TIM1_8F1
2023-10-02 14:46:40,343 [INFO] CodeGenerator:663 - code generatio: config db path: C:\ST\STM32CubeIDE_1.7.0\STM32CubeIDE\plugins\com.st.stm32cube.common.mx_6.3.0.202107141111\\db\
2023-10-02 14:46:40,536 [INFO] CodeEngine:239 - oldGeneratedFile, D:\Desktop\lab_vxl\lab2_1\ex\MXTmpFiles\license.tmp_save
2023-10-02 14:46:40,579 [INFO] CodeEngine:257 - Generated code: D:\Desktop\lab_vxl\lab2_1\ex\MXTmpFiles\license.tmp
2023-10-02 14:46:40,615 [INFO] CodeEngine:239 - oldGeneratedFile, D:\Desktop\lab_vxl\lab2_1\ex\MXTmpFiles\gpio.tmp_save
2023-10-02 14:46:40,672 [INFO] CodeEngine:257 - Generated code: D:\Desktop\lab_vxl\lab2_1\ex\MXTmpFiles\gpio.tmp
2023-10-02 14:46:40,751 [INFO] CodeEngine:239 - oldGeneratedFile, D:\Desktop\lab_vxl\lab2_1\ex\Core\Src\stm32f1xx_it.c_save
2023-10-02 14:46:40,837 [INFO] CodeEngine:257 - Generated code: D:\Desktop\lab_vxl\lab2_1\ex\Core\Src\stm32f1xx_it.c
2023-10-02 14:46:40,841 [INFO] CodeEngine:239 - oldGeneratedFile, D:\Desktop\lab_vxl\lab2_1\ex\Core\Inc\stm32f1xx_it.h_save
2023-10-02 14:46:40,922 [INFO] CodeEngine:257 - Generated code: D:\Desktop\lab_vxl\lab2_1\ex\Core\Inc\stm32f1xx_it.h
2023-10-02 14:46:40,933 [INFO] CodeEngine:239 - oldGeneratedFile, D:\Desktop\lab_vxl\lab2_1\ex\Core\Src\stm32f1xx_hal_msp.c_save
2023-10-02 14:46:41,017 [INFO] CodeEngine:257 - Generated code: D:\Desktop\lab_vxl\lab2_1\ex\Core\Src\stm32f1xx_hal_msp.c
2023-10-02 14:46:41,020 [INFO] CodeEngine:239 - oldGeneratedFile, D:\Desktop\lab_vxl\lab2_1\ex\MXTmpFiles\system.tmp_save
2023-10-02 14:46:41,066 [INFO] CodeEngine:257 - Generated code: D:\Desktop\lab_vxl\lab2_1\ex\MXTmpFiles\system.tmp
2023-10-02 14:46:41,078 [INFO] CodeEngine:239 - oldGeneratedFile, D:\Desktop\lab_vxl\lab2_1\ex\Core\Inc\stm32f1xx_hal_conf.h_save
2023-10-02 14:46:41,149 [INFO] CodeEngine:257 - Generated code: D:\Desktop\lab_vxl\lab2_1\ex\Core\Inc\stm32f1xx_hal_conf.h
2023-10-02 14:46:41,163 [WARN] IPConfigManager:3148 - IP not found : TIM
2023-10-02 14:46:41,164 [WARN] CodeGenerator:3268 - IP not found : null
2023-10-02 14:46:41,175 [INFO] CodeEngine:239 - oldGeneratedFile, D:\Desktop\lab_vxl\lab2_1\ex\Core\Inc\main.h_save
2023-10-02 14:46:41,237 [INFO] CodeEngine:257 - Generated code: D:\Desktop\lab_vxl\lab2_1\ex\Core\Inc\main.h
2023-10-02 14:46:41,246 [INFO] CodeEngine:239 - oldGeneratedFile, D:\Desktop\lab_vxl\lab2_1\ex\Core\Src\main.c_save
2023-10-02 14:46:41,334 [INFO] CodeEngine:257 - Generated code: D:\Desktop\lab_vxl\lab2_1\ex\Core\Src\main.c
2023-10-02 14:46:42,004 [INFO] ProjectBuilder:2578 - Time for Copy HAL[1] : 40mS.
2023-10-02 14:46:42,007 [INFO] ProjectBuilder:3622 - Project Generator version: 3.14.1
2023-10-02 14:46:42,342 [INFO] ConfigFileManager:1271 - The Die is : DIE412
2023-10-02 14:46:43,796 [INFO] ProjectBuilder:3789 - Time for Generating toolchain IDE Files: 1789mS.
2023-10-02 14:46:43,797 [INFO] ProjectBuilder:2457 - Time for Copy CMSIS : 1mS.
2023-10-02 14:46:43,797 [INFO] ProjectBuilder:2457 - Time for Copy CMSIS : 0mS.
2023-10-02 14:55:15,647 [INFO] Gpio:254 - dependency for GPIO []
2023-10-02 14:55:51,972 [INFO] Gpio:254 - dependency for GPIO []
2023-10-02 14:55:55,157 [INFO] Gpio:254 - dependency for GPIO []
2023-10-02 14:56:16,857 [INFO] Gpio:254 - dependency for GPIO []
2023-10-02 14:56:20,172 [INFO] Gpio:254 - dependency for GPIO []
2023-10-02 14:56:27,108 [INFO] Gpio:254 - dependency for GPIO []
2023-10-02 14:56:38,000 [INFO] Gpio:254 - dependency for GPIO []
2023-10-02 14:56:43,572 [INFO] Gpio:254 - dependency for GPIO []
2023-10-02 14:56:49,993 [INFO] Gpio:254 - dependency for GPIO []
2023-10-02 14:56:52,033 [INFO] Gpio:254 - dependency for GPIO []
2023-10-02 15:10:57,995 [INFO] UtilMem:74 - End SaveConfig() Used Memory: 757919576 Bytes (1073741824)
2023-10-02 15:10:59,062 [INFO] UtilMem:74 - End SaveConfig() Used Memory: 779939672 Bytes (1073741824)
2023-10-02 15:11:02,898 [INFO] UtilMem:74 - End SaveConfig() Used Memory: 769154448 Bytes (1073741824)
2023-10-02 15:11:03,075 [INFO] BlockDiagram:2740 - set Specific Code input for plugin: NVIC
2023-10-02 15:11:03,075 [INFO] BlockDiagram:2740 - set Specific Code input for plugin: SYS
2023-10-02 15:11:03,076 [INFO] BlockDiagram:2740 - set Specific Code input for plugin: GPIO
2023-10-02 15:11:03,076 [INFO] BlockDiagram:2740 - set Specific Code input for plugin: RCC
2023-10-02 15:11:03,076 [INFO] BlockDiagram:2740 - set Specific Code input for plugin: TIM1_8F1
2023-10-02 15:11:03,077 [INFO] CodeGenerator:663 - code generatio: config db path: C:\ST\STM32CubeIDE_1.7.0\STM32CubeIDE\plugins\com.st.stm32cube.common.mx_6.3.0.202107141111\\db\
2023-10-02 15:11:03,335 [INFO] CodeEngine:239 - oldGeneratedFile, D:\Desktop\lab_vxl\lab2_1\ex\MXTmpFiles\license.tmp_save
2023-10-02 15:11:03,384 [INFO] CodeEngine:257 - Generated code: D:\Desktop\lab_vxl\lab2_1\ex\MXTmpFiles\license.tmp
2023-10-02 15:11:03,421 [INFO] CodeEngine:239 - oldGeneratedFile, D:\Desktop\lab_vxl\lab2_1\ex\MXTmpFiles\gpio.tmp_save
2023-10-02 15:11:03,474 [INFO] CodeEngine:257 - Generated code: D:\Desktop\lab_vxl\lab2_1\ex\MXTmpFiles\gpio.tmp
2023-10-02 15:11:03,521 [INFO] CodeEngine:239 - oldGeneratedFile, D:\Desktop\lab_vxl\lab2_1\ex\Core\Src\stm32f1xx_it.c_save
2023-10-02 15:11:03,612 [INFO] CodeEngine:257 - Generated code: D:\Desktop\lab_vxl\lab2_1\ex\Core\Src\stm32f1xx_it.c
2023-10-02 15:11:03,626 [INFO] CodeEngine:239 - oldGeneratedFile, D:\Desktop\lab_vxl\lab2_1\ex\Core\Inc\stm32f1xx_it.h_save
2023-10-02 15:11:03,676 [INFO] CodeEngine:257 - Generated code: D:\Desktop\lab_vxl\lab2_1\ex\Core\Inc\stm32f1xx_it.h
2023-10-02 15:11:03,689 [INFO] CodeEngine:239 - oldGeneratedFile, D:\Desktop\lab_vxl\lab2_1\ex\Core\Src\stm32f1xx_hal_msp.c_save
2023-10-02 15:11:03,792 [INFO] CodeEngine:257 - Generated code: D:\Desktop\lab_vxl\lab2_1\ex\Core\Src\stm32f1xx_hal_msp.c
2023-10-02 15:11:03,796 [INFO] CodeEngine:239 - oldGeneratedFile, D:\Desktop\lab_vxl\lab2_1\ex\MXTmpFiles\system.tmp_save
2023-10-02 15:11:03,855 [INFO] CodeEngine:257 - Generated code: D:\Desktop\lab_vxl\lab2_1\ex\MXTmpFiles\system.tmp
2023-10-02 15:11:03,869 [INFO] CodeEngine:239 - oldGeneratedFile, D:\Desktop\lab_vxl\lab2_1\ex\Core\Inc\stm32f1xx_hal_conf.h_save
2023-10-02 15:11:03,946 [INFO] CodeEngine:257 - Generated code: D:\Desktop\lab_vxl\lab2_1\ex\Core\Inc\stm32f1xx_hal_conf.h
2023-10-02 15:11:03,959 [WARN] IPConfigManager:3148 - IP not found : TIM
2023-10-02 15:11:03,960 [WARN] CodeGenerator:3268 - IP not found : null
2023-10-02 15:11:03,970 [INFO] CodeEngine:239 - oldGeneratedFile, D:\Desktop\lab_vxl\lab2_1\ex\Core\Inc\main.h_save
2023-10-02 15:11:04,036 [INFO] CodeEngine:257 - Generated code: D:\Desktop\lab_vxl\lab2_1\ex\Core\Inc\main.h
2023-10-02 15:11:04,044 [INFO] CodeEngine:239 - oldGeneratedFile, D:\Desktop\lab_vxl\lab2_1\ex\Core\Src\main.c_save
2023-10-02 15:11:04,132 [INFO] CodeEngine:257 - Generated code: D:\Desktop\lab_vxl\lab2_1\ex\Core\Src\main.c
2023-10-02 15:11:04,759 [INFO] ProjectBuilder:2578 - Time for Copy HAL[1] : 41mS.
2023-10-02 15:11:04,762 [INFO] ProjectBuilder:3622 - Project Generator version: 3.14.1
2023-10-02 15:11:05,122 [INFO] ConfigFileManager:1271 - The Die is : DIE412
2023-10-02 15:11:06,389 [INFO] ProjectBuilder:3789 - Time for Generating toolchain IDE Files: 1627mS.
2023-10-02 15:11:06,390 [INFO] ProjectBuilder:2457 - Time for Copy CMSIS : 1mS.
2023-10-02 15:11:06,391 [INFO] ProjectBuilder:2457 - Time for Copy CMSIS : 0mS.
2023-10-23 16:31:41,142 [INFO] Activator:177 - 


2023-10-23 16:31:41,144 [INFO] Activator:178 - !SESSION log4j initialized
